MPASM 5.68                         MAIN2.ASM   10-28-2016  14:52:23         PAGE  1


LOC  OBJECT CODE     LINE SOURCE TEXT
  VALUE

                      00001 ;*******************************************************************************
                      00002 ; 标    题: PIC_ST_V3.0学习板演示程序--RB0中断
                      00003 ; 文 件 名: RB0_INT
                      00004 ; 建立日期: 2013.7.8
                      00005 ; 修改日期: 2013.7.8
                      00006 ; 版    本: V1.0
                      00007 ; 作    者: zyixin
                      00008 ;********************************************************************************
                      00009 ; 跳线接法：利用RB0的中断，下降沿触发中断，并计数，按下一次KEY1，则计数加1
                      00010 ;*******************************************************************************
                      00011 ;【版权】Copyright(C) 2009-2019 All Rights Reserved
                      00012 ;【声明】此程序仅用于学习与参考，引用请注明版权和作者信息！
                      00013 ;******************************************************************************/
                      00014 
                      00015  list           p=16f877A       ; 标明所用的处理器类型
                      00016  #include       <p16f877A.inc>  ; 调用头文件    
                      00001         LIST
                      00002 
                      00003 ;==========================================================================
                      00004 ; Build date : May 15 2016
                      00005 ;  MPASM PIC16F877A processor include
                      00006 ; 
                      00007 ;  (c) Copyright 1999-2016 Microchip Technology, All rights reserved
                      00008 ;==========================================================================
                      00009 
                      00567         LIST
2007   3F3A           00017  __CONFIG _CP_OFF & _WDT_OFF & _BODEN_OFF & _PWRTE_OFF & _HS_OSC & _WRT_OFF & _LVP_OFF & _CPD_OFF;熔丝位
                            配置字
                      00018 ; _CP_OFF: 代码保护关闭
                      00019 ;_WDT_OFF: 看门狗关闭
                      00020 ; _BODEN_OFF: 低压复位关闭
                      00021 ; _PWRTE_OFF: 上电延时计数关闭
                      00022 ; _HS_OSC : 外部高速振荡器使能
                      00023 ; _WRT_OFF : 写程序存储器保护关闭 
                      00024 ;_LVP_OFF : 低电压编程关闭
                      00025 ;_CPD_OFF : EEPROM存储器代码保护
                      00026 
                      00027 ;***** 变量声明*******************************************************
  00000020            00028 D1                              EQU   0x20             ; 变量1，在HC595的初始化中使用
  00000021            00029 D2                              EQU   0x21             ; 变量2，7段数码选择中使用
  00000023            00030 count                         EQU   0x23              ; 秒计数器
  00000024            00031 wdata                        EQU   0x24              ; wdata字型
                      00032 
                      00033 
  00000078            00034 Temp                         EQU  0x78             ;
  00000079            00035 L1                                EQU  0x79             ;延时函数循环变量
  0000007A            00036 L2                                EQU  0x7A             ;延时函数循环变量
  0000007B            00037 L3                                EQU  0x7B             ;延时函数循环变量
  0000007C            00038 i                                    EQU  0x7C
  0000007D            00039 w_temp            EQU   0x7D            ;中断现场保护
  0000007E            00040 status_temp       EQU   0x7E            ;中断现场保护
  0000007F            00041 pclath_temp       EQU   0x7F            ;中断现场保护             
                      00042 ;**********************************************************************
MPASM 5.68                         MAIN2.ASM   10-28-2016  14:52:23         PAGE  2


LOC  OBJECT CODE     LINE SOURCE TEXT
  VALUE

                      00043         ORG         0x0000          ; 复位入口地址
0000   0000           00044         nop                                     ; 与ICD调试配合的nop
0001   30??           00045             movlw   high(main)    ;
0002   008A           00046             movwf   PCLATH         ;
0003   2???           00047         goto        main                ; 跳转到Main
                      00048 ;**********************************************************************
                      00049         ORG         0x0004                ; 中断向量入口地址
0004   00FD           00050         movwf   w_temp                ; 入栈保护
0005   0803           00051         movf          STATUS,w           ;         
0006   00FE           00052         movwf   status_temp        ;
0007   080A           00053         movf          PCLATH,w    ;
0008   00FF           00054         movwf   pclath_temp       ;
                      00055 ;**********************************************************************
0009   018A           00056             clrf       PCLATH                  ; 设定PCLATH指向page0，即中断程序所在页面
000A   1E0B           00057             btfss    INTCON, INTE      ; 是否开外设中断
000B   2???           00058             goto     EndOfInt                ; 否，则跳转至中断处理程序尾部
000C   1C8B           00059             btfss    INTCON, INTF      ; 是否置位外设中断的标志
000D   2???           00060             goto     EndOfInt                ; 否，则跳转至中断处理程序尾部           
000E   108B           00061             bcf        INTCON, INTF      ; 清除外设中断标志位  
000F   1283 1303      00062             banksel count                     ;
0011   0AA3           00063             incf       count, f                   ;  如有进位，则计数器高位加1
0012   303C           00064             movlw .60                           ;  测试计数器低位是否为60
0013   0223           00065             subwf   count, w                ;  
0014   1D03           00066             btfss     STATUS, Z             ;
0015   2???           00067             goto      EndOfInt               ;  否，则跳转至中断处理程序尾部            
0016   01A3           00068             clrf        count                      ; 若计数器为60，则清零秒计数器          
0017                  00069 EndOfInt  
0017   087F           00070         movf         pclath_temp,w        ; 出栈
0018   008A           00071         movwf  PCLATH             
0019   087E           00072         movf      status_temp,w    
001A   0083           00073         movwf  STATUS                
001B   0EFD           00074         swapf    w_temp,f
001C   0E7D           00075         swapf    w_temp,w           
                      00076 ;********************************************************************** 
001D   0009           00077         retfie                                              ;  中断返回      
                      00078 
                      00079 ;-------------------------------------------------------------------------查表函数----------------------
                            -----------------------------------------
Warning[205]: Found directive in column 1. (org)
                      00080 org 0x0800
                      00081 ;**************七段数码管查表函数**********
0800                  00082 disp   
0800   0782           00083             addwf   PCL, f                              ;
0801   34C0           00084             dt            0xC0                               ;
0802   34F9           00085             dt            0xF9                               ;
0803   34A4           00086             dt            0xA4                               ;
0804   34B0           00087             dt            0xB0                               ;
0805   3499           00088             dt            0x99                               ;
0806   3492           00089             dt            0x92                               ;
0807   3482           00090             dt            0x82                               ;
0808   34F8           00091             dt            0xF8                               ;
0809   3480           00092             dt            0x80                               ;
080A   3490           00093             dt            0x90                               ;
MPASM 5.68                         MAIN2.ASM   10-28-2016  14:52:23         PAGE  3


LOC  OBJECT CODE     LINE SOURCE TEXT
  VALUE

                      00094 
                      00095 ;**************七段数码管位数选择查表函数*******
080B                  00096 channel   
080B   0782           00097             addwf   PCL, f                              ;
080C   340C           00098             dt            0x0C                               ;
080D   3410           00099             dt            0x10                               ;
080E   3414           00100             dt            0x14                               ;
080F   3418           00101             dt            0x18                               ;    
                      00102 ;**************七段数码管位数顺序选择查表函数*******
0810                  00103 Next_channel   
0810   0782           00104             addwf   PCL, f                              ;
0811   3401           00105             dt            0x01                               ;
0812   3402           00106             dt            0x02                               ;
0813   3403           00107             dt            0x03                               ;
0814   3400           00108             dt            0x00                               ;      
                      00109 ;**************二进制数到BCD码查表函数*******
0815                  00110 Bin2BCD   
0815   0782           00111             addwf   PCL, f                              ;
0816   3400           00112             dt            0x00                               ;
0817   3401           00113             dt            0x01                               ;
0818   3402           00114             dt            0x02                               ;
0819   3403           00115             dt            0x03                               ;
081A   3404           00116             dt            0x04                               ;
081B   3405           00117             dt            0x05                               ;
081C   3406           00118             dt            0x06                               ;
081D   3407           00119             dt            0x07                               ;
081E   3408           00120             dt            0x08                               ;
081F   3409           00121             dt            0x09                               ;
0820   3410           00122             dt            0x10                               ;
0821   3411           00123             dt            0x11                               ;
0822   3412           00124             dt            0x12                               ;
0823   3413           00125             dt            0x13                               ;
0824   3414           00126             dt            0x14                               ;
0825   3415           00127             dt            0x15                               ;
0826   3416           00128             dt            0x16                               ;
0827   3417           00129             dt            0x17                               ;
0828   3418           00130             dt            0x18                               ;
0829   3419           00131             dt            0x19                               ;
082A   3420           00132             dt            0x20                               ;
082B   3421           00133             dt            0x21                               ;
082C   3422           00134             dt            0x22                               ;
082D   3423           00135             dt            0x23                               ;
082E   3424           00136             dt            0x24                               ;
082F   3425           00137             dt            0x25                               ;
0830   3426           00138             dt            0x26                               ;
0831   3427           00139             dt            0x27                               ;
0832   3428           00140             dt            0x28                               ;
0833   3429           00141             dt            0x29                               ;
0834   3430           00142             dt            0x30                               ;
0835   3431           00143             dt            0x31                               ;
0836   3432           00144             dt            0x32                               ;
0837   3433           00145             dt            0x33                               ;
0838   3434           00146             dt            0x34                               ;
MPASM 5.68                         MAIN2.ASM   10-28-2016  14:52:23         PAGE  4


LOC  OBJECT CODE     LINE SOURCE TEXT
  VALUE

0839   3435           00147             dt            0x35                               ;
083A   3436           00148             dt            0x36                               ;
083B   3437           00149             dt            0x37                               ;
083C   3438           00150             dt            0x38                               ;
083D   3439           00151             dt            0x39                               ;
083E   3440           00152             dt            0x40                               ;
083F   3441           00153             dt            0x41                               ;
0840   3442           00154             dt            0x42                               ;
0841   3443           00155             dt            0x43                               ;
0842   3444           00156             dt            0x44                               ;
0843   3445           00157             dt            0x45                               ;
0844   3446           00158             dt            0x46                               ;
0845   3447           00159             dt            0x47                               ;
0846   3448           00160             dt            0x48                               ;
0847   3449           00161             dt            0x49                               ;
0848   3450           00162             dt            0x50                               ;
0849   3451           00163             dt            0x51                               ;
084A   3452           00164             dt            0x52                               ;
084B   3453           00165             dt            0x53                               ;
084C   3454           00166             dt            0x54                               ;
084D   3455           00167             dt            0x55                               ;
084E   3456           00168             dt            0x56                               ;
084F   3457           00169             dt            0x57                               ;
0850   3458           00170             dt            0x58                               ;
0851   3459           00171             dt            0x59                               ;
                      00172 ;-------------------------------------------------------------------------------------------
                      00173 ;-------------------------------------------------Main的代码--------------------------------------------
                            ---------------------
0852                  00174 main       
                      00175 ;*************************************开发板显示界面的通用初始化*******************************         
                                                               
0852   1683 1303      00176            banksel TRISD                              ; 选择bank1
Message[302]: Register in operand not in bank 0.  Ensure that bank bits are correct.
0854   0188           00177            clrf         TRISD                              ; 设置RD0-RD7为输出模式
Message[302]: Register in operand not in bank 0.  Ensure that bank bits are correct.
0855   1209           00178            bcf          TRISE, PSPMODE        ; 设置D端口为I/O端口模式      
0856   2???           00179            call         HC595_Init                    ; 74HC595初始化
0857   3000           00180            movlw 0x00;                                ; 写0x00数据，关掉LED点阵显示
0858   2???           00181            call        HC595_Write_Byte     ; 
0859   2???           00182            call        TurnOff_7LEDs            ; 调用子程序，关闭七段码LED 
                      00183 ;*****************************************************************************************************
085A   1683 1303      00184            banksel OPTION_REG                ;  选择bank1      
Message[302]: Register in operand not in bank 0.  Ensure that bank bits are correct.
085C   1781           00185            bsf          OPTION_REG, NOT_RBPU; 关闭上拉电阻使能
Message[302]: Register in operand not in bank 0.  Ensure that bank bits are correct.
085D   1301           00186            bcf          OPTION_REG, INTEDG; RB0下降沿输入
Message[302]: Register in operand not in bank 0.  Ensure that bank bits are correct.
085E   1286           00187            bcf          TRISB, RB5                  ;RB5设置成输出
Message[302]: Register in operand not in bank 0.  Ensure that bank bits are correct.
085F   1406           00188            bsf          TRISB, RB0                  ;RB0设置成输入
0860   1283 1303      00189            banksel PORTB                           ;RB5输出0
0862   1286           00190            bcf          PORTB, RB5                ;   
0863   108B           00191            bcf          INTCON, INTF             ; 清外设中断标志
MPASM 5.68                         MAIN2.ASM   10-28-2016  14:52:23         PAGE  5


LOC  OBJECT CODE     LINE SOURCE TEXT
  VALUE

0864   160B           00192            bsf          INTCON, INTE             ; 开外设中断
0865   178B           00193            bsf          INTCON, GIE                ; 开总中断
                      00194 
                      00195      
0866                  00196 Loop              
0866   0823           00197            movf      count, w                       ;将计数器移入w寄存器     
0867   2???           00198            call         Bin2BCD                      ; 调用子函数查询对应的BCD码  
0868   00F8           00199            movwf  Temp                             ;  将BCD码移入Temp
0869   300F           00200            movlw  0x0f                               ;  取Temp的低4位
086A   0578           00201            andwf    Temp, w                      ; 
086B   1283 1303      00202            banksel   wdata; 
086D   00A4           00203            movwf  wdata                           ;
086E   3003           00204            movlw  0x03                                ;  选择第3位七段码
086F   2???           00205            call         LED_Display                 ;  显示
0870   30F0           00206            movlw  0xf0                                 ;  取Temp的高4位
0871   05F8           00207            andwf    Temp, f          ;
0872   0E78           00208            swapf     Temp,w        ;
0873   1283 1303      00209            banksel   wdata; 
0875   00A4           00210            movwf  wdata                ;
0876   3002           00211            movlw  0x02                                 ;选择第2位七段码
0877   2???           00212            call         LED_Display                  ;显示               
0878   2???           00213            goto       Loop;
                      00214 ;------------------------------------------------------------------Main函数结束-------------------------
                            -----------------------------------------------------
                      00215 
                      00216 
                      00217 
                      00218 
                      00219 ;------------------------------------------------------------------子函数-------------------------------
                            -----------------------------------------------
                      00220 ;********HC595_Init******************
0879                  00221 HC595_Init                                     ; 初始化 74HC595
0879   1683 1303      00222           banksel TRISA             ;
Message[302]: Register in operand not in bank 0.  Ensure that bank bits are correct.
087B   1285           00223           bcf         TRISA, 5          ; SCK_595
Message[302]: Register in operand not in bank 0.  Ensure that bank bits are correct.
087C   1009           00224           bcf         TRISE, 0          ; RCK_595
Message[302]: Register in operand not in bank 0.  Ensure that bank bits are correct.
087D   1007           00225           bcf         TRISC, 0          ; SER_595
087E   0008           00226           return                             ;
                      00227 ;********HC595_Write_Byte***********
087F                  00228 HC595_Write_Byte                    ; 设置 74HC595选中的行，具体的行数由W寄存器的值决定
087F   1283 1303      00229           banksel  D1                        ;
0881   00A0           00230           movwf  D1                         ;
0882   3008           00231           movlw  .8                           ;
0883   00FC           00232           movwf  i                             ; 
0884                  00233 Loop_595
0884   1BA0           00234           btfsc      D1, 7                    ;
0885   2???           00235           goto       SET1_595          ;
0886   2???           00236           goto       SET0_595          ;
0887                  00237 SET1_595
0887   1407           00238           bsf          PORTC, 0           ;
0888   2???           00239           goto       Clock_595         ;
MPASM 5.68                         MAIN2.ASM   10-28-2016  14:52:23         PAGE  6


LOC  OBJECT CODE     LINE SOURCE TEXT
  VALUE

Warning[207]: Found label after column 1. (SET0_595)
0889                  00240  SET0_595
0889   1007           00241           bcf          PORTC, 0           ;
088A   2???           00242           goto       Clock_595         ;
088B                  00243 Clock_595
088B   0000           00244           nop                                      ;
088C   1285           00245           bcf          PORTA, 5           ;           
088D   0DA0           00246           RLF        D1, f                     ;
088E   1685           00247           bsf          PORTA, 5           ;
088F   0BFC           00248           decfsz   i, f                         ;
0890   2???           00249           goto       Loop_595         ;      
0891   1009           00250           bcf          PORTE, 0          ;
0892   0000           00251           nop                                     ;
0893   1409           00252           bsf          PORTE, 0          ;        
0894   0000           00253           nop   
0895   0008           00254           return                               ;
                      00255 ;********TurnOff_7LEDs ***********
0896                  00256 TurnOff_7LEDs                    ; 关闭七段码显示器
0896   1683 1303      00257           banksel  ADCON1      ;
0898   308E           00258           movlw  0x8E;
Message[302]: Register in operand not in bank 0.  Ensure that bank bits are correct.
0899   009F           00259           movwf  ADCON1      ;          
Message[302]: Register in operand not in bank 0.  Ensure that bank bits are correct.
089A   1105           00260           bcf           TRISA, 2      ;
Message[302]: Register in operand not in bank 0.  Ensure that bank bits are correct.
089B   1185           00261           bcf           TRISA, 3      ;
Message[302]: Register in operand not in bank 0.  Ensure that bank bits are correct.
089C   1205           00262           bcf           TRISA, 4      ;
089D   1283 1303      00263           banksel  PORTA        ;
089F   1505           00264           bsf           PORTA, 2   ;
08A0   1585           00265           bsf           PORTA, 3   ;
08A1   1605           00266           bsf           PORTA, 4   ;
08A2   0008           00267           return                         ;
                      00268 ;**************DelayUS**************
08A3                  00269 DelayUS                                 ; 延时x毫微秒，x由变量W设定
08A3   00F9           00270           movwf   L1                 ;
08A4                  00271 LL1US        
08A4   0000           00272           nop                               ;
08A5   0000           00273           nop                               ;
08A6   0BF9           00274           decfsz    L1, f             ;          
08A7   2???           00275           goto        LL1US         ;
08A8   0008           00276           return                         ;
                      00277 
                      00278 ;********Select_7LEDs ***********
08A9                  00279 Select_7LEDs                        ; 选择七段码显示器的某一位，入口参数为W寄存器的值。
08A9   1283 1303      00280           banksel  D2                 ;
08AB   00A1           00281           movwf   D2                ;
08AC   3003           00282           movlw   0x03            ;
08AD   0521           00283           andwf     D2, w          ;
08AE   2???           00284           call          channel       ;
08AF   00A1           00285           movwf   D2                 ;
08B0   30E3           00286           movlw   0xE3             ;
08B1   0505           00287           andwf    PORTA, w   ;
MPASM 5.68                         MAIN2.ASM   10-28-2016  14:52:23         PAGE  7


LOC  OBJECT CODE     LINE SOURCE TEXT
  VALUE

08B2   0421           00288           iorwf      D2, w           ;
08B3   0085           00289           movwf   PORTA        ;
08B4   0008           00290           return                         ;
                      00291 ;********LED_Display***********
08B5                  00292 LED_Display                        ; 根据入口参数在某一位7段码LED显示一个数字。位数在W寄存器中，数字在wd
                            ata中
08B5   2???           00293           call        Select_7LEDs   ; 
08B6   1283 1303      00294           banksel PORTD        ;
                      00295 ;--------------------------确保wdata的内容不超过9---------
08B8   3009           00296           movlw .9                    ;
08B9   0224           00297           subwf  wdata, w       ;  
08BA   1803           00298           btfsc     STATUS, C   ;
08BB   2???           00299           goto DS9
08BC   2???           00300           goto  DSW
08BD                  00301 DS9
08BD   3009           00302           movlw  .9                  ;如果超过9则置w寄存器为9
08BE   2???           00303           goto   DSD      ;
08BF                  00304 DSW
08BF   0824           00305           movf wdata,w         ; 如果不超过9，则将wdata赋值给w
08C0                  00306 DSD
08C0   2???           00307           call        disp               ; 查表，获得7断码对应数码表
08C1   0088           00308           movwf PORTD         ; 更新数码到端口D        
08C2   3064           00309           movlw .100              ;
08C3   2???           00310           call        DelayUS       ;
08C4   30FF           00311           movlw 0xff               ;
08C5   0088           00312           movwf PORTD        ;
08C6   0008           00313           return                        ;
                      00314 
                      00315 
Warning[205]: Found directive in column 1. (END)
3F3A                  00316 END                                        ; 程序结束
MPASM 5.68                         MAIN2.ASM   10-28-2016  14:52:23         PAGE  8


SYMBOL TABLE
  LABEL                             VALUE 

ACKDT                             00000005
ACKEN                             00000004
ACKSTAT                           00000006
ADCON0                            0000001F
ADCON1                            0000009F
ADCS0                             00000006
ADCS1                             00000007
ADCS2                             00000006
ADDEN                             00000003
ADFM                              00000007
ADIE                              00000006
ADIF                              00000006
ADON                              00000000
ADRESH                            0000001E
ADRESL                            0000009E
BCLIE                             00000003
BCLIF                             00000003
BF                                00000000
BRGH                              00000002
Bin2BCD                           00000815
C                                 00000000
C1INV                             00000004
C1OUT                             00000006
C2INV                             00000005
C2OUT                             00000007
CCP1CON                           00000017
CCP1IE                            00000002
CCP1IF                            00000002
CCP1M0                            00000000
CCP1M1                            00000001
CCP1M2                            00000002
CCP1M3                            00000003
CCP1X                             00000005
CCP1Y                             00000004
CCP2CON                           0000001D
CCP2IE                            00000000
CCP2IF                            00000000
CCP2M0                            00000000
CCP2M1                            00000001
CCP2M2                            00000002
CCP2M3                            00000003
CCP2X                             00000005
CCP2Y                             00000004
CCPR1                             00000015
CCPR1H                            00000016
CCPR1L                            00000015
CCPR2                             0000001B
CCPR2H                            0000001C
CCPR2L                            0000001B
CHS0                              00000003
CHS1                              00000004
CHS2                              00000005
CIS                               00000003
MPASM 5.68                         MAIN2.ASM   10-28-2016  14:52:23         PAGE  9


SYMBOL TABLE
  LABEL                             VALUE 

CKE                               00000006
CKP                               00000004
CM0                               00000000
CM1                               00000001
CM2                               00000002
CMCON                             0000009C
CMIE                              00000006
CMIF                              00000006
CREN                              00000004
CSRC                              00000007
CVR0                              00000000
CVR1                              00000001
CVR2                              00000002
CVR3                              00000003
CVRCON                            0000009D
CVREN                             00000007
CVROE                             00000006
CVRR                              00000005
Clock_595                         0000088B
D                                 00000005
D1                                00000020
D2                                00000021
DATA_ADDRESS                      00000005
DC                                00000001
DS9                               000008BD
DSD                               000008C0
DSW                               000008BF
D_A                               00000005
D_NOT_A                           00000005
DelayUS                           000008A3
EEADR                             0000010D
EEADRH                            0000010F
EECON1                            0000018C
EECON2                            0000018D
EEDATA                            0000010C
EEDATH                            0000010E
EEIE                              00000004
EEIF                              00000004
EEPGD                             00000007
EndOfInt                          00000017
F                                 00000001
FERR                              00000002
FSR                               00000004
GCEN                              00000007
GIE                               00000007
GO                                00000002
GO_DONE                           00000002
GO_NOT_DONE                       00000002
HC595_Init                        00000879
HC595_Write_Byte                  0000087F
I2C_DATA                          00000005
I2C_READ                          00000002
I2C_START                         00000003
MPASM 5.68                         MAIN2.ASM   10-28-2016  14:52:23         PAGE 10


SYMBOL TABLE
  LABEL                             VALUE 

I2C_STOP                          00000004
IBF                               00000007
IBOV                              00000005
INDF                              00000000
INTCON                            0000000B
INTE                              00000004
INTEDG                            00000006
INTF                              00000001
IRP                               00000007
L1                                00000079
L2                                0000007A
L3                                0000007B
LED_Display                       000008B5
LL1US                             000008A4
Loop                              00000866
Loop_595                          00000884
NOT_A                             00000005
NOT_ADDRESS                       00000005
NOT_BO                            00000000
NOT_BOR                           00000000
NOT_DONE                          00000002
NOT_PD                            00000003
NOT_POR                           00000001
NOT_RBPU                          00000007
NOT_RC8                           00000006
NOT_T1SYNC                        00000002
NOT_TO                            00000004
NOT_TX8                           00000006
NOT_W                             00000002
NOT_WRITE                         00000002
Next_channel                      00000810
OBF                               00000006
OERR                              00000001
OPTION_REG                        00000081
P                                 00000004
PCFG0                             00000000
PCFG1                             00000001
PCFG2                             00000002
PCFG3                             00000003
PCL                               00000002
PCLATH                            0000000A
PCON                              0000008E
PEIE                              00000006
PEN                               00000002
PIE1                              0000008C
PIE2                              0000008D
PIR1                              0000000C
PIR2                              0000000D
PORTA                             00000005
PORTB                             00000006
PORTC                             00000007
PORTD                             00000008
PORTE                             00000009
MPASM 5.68                         MAIN2.ASM   10-28-2016  14:52:23         PAGE 11


SYMBOL TABLE
  LABEL                             VALUE 

PR2                               00000092
PS0                               00000000
PS1                               00000001
PS2                               00000002
PSA                               00000003
PSPIE                             00000007
PSPIF                             00000007
PSPMODE                           00000004
R                                 00000002
RA0                               00000000
RA1                               00000001
RA2                               00000002
RA3                               00000003
RA4                               00000004
RA5                               00000005
RB0                               00000000
RB1                               00000001
RB2                               00000002
RB3                               00000003
RB4                               00000004
RB5                               00000005
RB6                               00000006
RB7                               00000007
RBIE                              00000003
RBIF                              00000000
RC0                               00000000
RC1                               00000001
RC2                               00000002
RC3                               00000003
RC4                               00000004
RC5                               00000005
RC6                               00000006
RC7                               00000007
RC8_9                             00000006
RC9                               00000006
RCD8                              00000000
RCEN                              00000003
RCIE                              00000005
RCIF                              00000005
RCREG                             0000001A
RCSTA                             00000018
RD                                00000000
RD0                               00000000
RD1                               00000001
RD2                               00000002
RD3                               00000003
RD4                               00000004
RD5                               00000005
RD6                               00000006
RD7                               00000007
RE0                               00000000
RE1                               00000001
RE2                               00000002
MPASM 5.68                         MAIN2.ASM   10-28-2016  14:52:23         PAGE 12


SYMBOL TABLE
  LABEL                             VALUE 

READ_WRITE                        00000002
RP0                               00000005
RP1                               00000006
RSEN                              00000001
RX9                               00000006
RX9D                              00000000
R_NOT_W                           00000002
R_W                               00000002
S                                 00000003
SEN                               00000000
SET0_595                          00000889
SET1_595                          00000887
SMP                               00000007
SPBRG                             00000099
SPEN                              00000007
SREN                              00000005
SSPADD                            00000093
SSPBUF                            00000013
SSPCON                            00000014
SSPCON2                           00000091
SSPEN                             00000005
SSPIE                             00000003
SSPIF                             00000003
SSPM0                             00000000
SSPM1                             00000001
SSPM2                             00000002
SSPM3                             00000003
SSPOV                             00000006
SSPSTAT                           00000094
STATUS                            00000003
SYNC                              00000004
Select_7LEDs                      000008A9
T0CS                              00000005
T0IE                              00000005
T0IF                              00000002
T0SE                              00000004
T1CKPS0                           00000004
T1CKPS1                           00000005
T1CON                             00000010
T1INSYNC                          00000002
T1OSCEN                           00000003
T1SYNC                            00000002
T2CKPS0                           00000000
T2CKPS1                           00000001
T2CON                             00000012
TMR0                              00000001
TMR0IE                            00000005
TMR0IF                            00000002
TMR1                              0000000E
TMR1CS                            00000001
TMR1H                             0000000F
TMR1IE                            00000000
TMR1IF                            00000000
MPASM 5.68                         MAIN2.ASM   10-28-2016  14:52:23         PAGE 13


SYMBOL TABLE
  LABEL                             VALUE 

TMR1L                             0000000E
TMR1ON                            00000000
TMR2                              00000011
TMR2IE                            00000001
TMR2IF                            00000001
TMR2ON                            00000002
TOUTPS0                           00000003
TOUTPS1                           00000004
TOUTPS2                           00000005
TOUTPS3                           00000006
TRISA                             00000085
TRISA0                            00000000
TRISA1                            00000001
TRISA2                            00000002
TRISA3                            00000003
TRISA4                            00000004
TRISA5                            00000005
TRISB                             00000086
TRISB0                            00000000
TRISB1                            00000001
TRISB2                            00000002
TRISB3                            00000003
TRISB4                            00000004
TRISB5                            00000005
TRISB6                            00000006
TRISB7                            00000007
TRISC                             00000087
TRISC0                            00000000
TRISC1                            00000001
TRISC2                            00000002
TRISC3                            00000003
TRISC4                            00000004
TRISC5                            00000005
TRISC6                            00000006
TRISC7                            00000007
TRISD                             00000088
TRISD0                            00000000
TRISD1                            00000001
TRISD2                            00000002
TRISD3                            00000003
TRISD4                            00000004
TRISD5                            00000005
TRISD6                            00000006
TRISD7                            00000007
TRISE                             00000089
TRISE0                            00000000
TRISE1                            00000001
TRISE2                            00000002
TRMT                              00000001
TX8_9                             00000006
TX9                               00000006
TX9D                              00000000
TXD8                              00000000
MPASM 5.68                         MAIN2.ASM   10-28-2016  14:52:23         PAGE 14


SYMBOL TABLE
  LABEL                             VALUE 

TXEN                              00000005
TXIE                              00000004
TXIF                              00000004
TXREG                             00000019
TXSTA                             00000098
Temp                              00000078
TurnOff_7LEDs                     00000896
UA                                00000001
W                                 00000000
WCOL                              00000007
WR                                00000001
WREN                              00000002
WRERR                             00000003
Z                                 00000002
_BODEN_OFF                        00003FBF
_BODEN_ON                         00003FFF
_BOREN_OFF                        00003FBF
_BOREN_ON                         00003FFF
_CONFIG                           00002007
_CPD_OFF                          00003FFF
_CPD_ON                           00003EFF
_CP_ALL                           00001FFF
_CP_OFF                           00003FFF
_CP_ON                            00001FFF
_DEBUG_OFF                        00003FFF
_DEBUG_ON                         000037FF
_DEVID1                           00002006
_FOSC_EXTRC                       00003FFF
_FOSC_HS                          00003FFE
_FOSC_LP                          00003FFC
_FOSC_XT                          00003FFD
_HS_OSC                           00003FFE
_IDLOC0                           00002000
_IDLOC1                           00002001
_IDLOC2                           00002002
_IDLOC3                           00002003
_LP_OSC                           00003FFC
_LVP_OFF                          00003F7F
_LVP_ON                           00003FFF
_PWRTE_OFF                        00003FFF
_PWRTE_ON                         00003FF7
_RC_OSC                           00003FFF
_WDTE_OFF                         00003FFB
_WDTE_ON                          00003FFF
_WDT_OFF                          00003FFB
_WDT_ON                           00003FFF
_WRT_1FOURTH                      00003BFF
_WRT_256                          00003DFF
_WRT_HALF                         000039FF
_WRT_OFF                          00003FFF
_XT_OSC                           00003FFD
__16F877A                         00000001
channel                           0000080B
MPASM 5.68                         MAIN2.ASM   10-28-2016  14:52:23         PAGE 15


SYMBOL TABLE
  LABEL                             VALUE 

count                             00000023
disp                              00000800
i                                 0000007C
main                              00000852
pclath_temp                       0000007F
status_temp                       0000007E
w_temp                            0000007D
wdata                             00000024

Errors   :     0
Warnings :     3 reported,     0 suppressed
Messages :    13 reported,     0 suppressed

