Warning[207] F:\ELECTRICITY\MCU\PIC\PIC_LAB\NO4\LAB4.X\ASM.ASM 7 : Found label after column 1. (MA)
Warning[207] F:\ELECTRICITY\MCU\PIC\PIC_LAB\NO4\LAB4.X\ASM.ASM 8 : Found label after column 1. (MB)
Warning[207] F:\ELECTRICITY\MCU\PIC\PIC_LAB\NO4\LAB4.X\ASM.ASM 9 : Found label after column 1. (MC)
Warning[207] F:\ELECTRICITY\MCU\PIC\PIC_LAB\NO4\LAB4.X\ASM.ASM 10 : Found label after column 1. (MD)
Warning[207] F:\ELECTRICITY\MCU\PIC\PIC_LAB\NO4\LAB4.X\ASM.ASM 11 : Found label after column 1. (TEMP)
Warning[207] F:\ELECTRICITY\MCU\PIC\PIC_LAB\NO4\LAB4.X\ASM.ASM 14 : Found label after column 1. (ACCAHI)
Warning[207] F:\ELECTRICITY\MCU\PIC\PIC_LAB\NO4\LAB4.X\ASM.ASM 15 : Found label after column 1. (ACCBLO)
Warning[207] F:\ELECTRICITY\MCU\PIC\PIC_LAB\NO4\LAB4.X\ASM.ASM 16 : Found label after column 1. (ACCBHI)
Warning[207] F:\ELECTRICITY\MCU\PIC\PIC_LAB\NO4\LAB4.X\ASM.ASM 17 : Found label after column 1. (ACCCLO)
Warning[207] F:\ELECTRICITY\MCU\PIC\PIC_LAB\NO4\LAB4.X\ASM.ASM 18 : Found label after column 1. (ACCCHI)
Message[305] F:\ELECTRICITY\MCU\PIC\PIC_LAB\NO4\LAB4.X\ASM.ASM 33 : Using default destination of 1 (file).
Message[305] F:\ELECTRICITY\MCU\PIC\PIC_LAB\NO4\LAB4.X\ASM.ASM 36 : Using default destination of 1 (file).
Message[305] F:\ELECTRICITY\MCU\PIC\PIC_LAB\NO4\LAB4.X\ASM.ASM 37 : Using default destination of 1 (file).
Message[305] F:\ELECTRICITY\MCU\PIC\PIC_LAB\NO4\LAB4.X\ASM.ASM 38 : Using default destination of 1 (file).
Message[305] F:\ELECTRICITY\MCU\PIC\PIC_LAB\NO4\LAB4.X\ASM.ASM 65 : Using default destination of 1 (file).
Message[305] F:\ELECTRICITY\MCU\PIC\PIC_LAB\NO4\LAB4.X\ASM.ASM 68 : Using default destination of 1 (file).
Message[305] F:\ELECTRICITY\MCU\PIC\PIC_LAB\NO4\LAB4.X\ASM.ASM 69 : Using default destination of 1 (file).
Message[305] F:\ELECTRICITY\MCU\PIC\PIC_LAB\NO4\LAB4.X\ASM.ASM 70 : Using default destination of 1 (file).
Message[305] F:\ELECTRICITY\MCU\PIC\PIC_LAB\NO4\LAB4.X\ASM.ASM 110 : Using default destination of 1 (file).
Message[305] F:\ELECTRICITY\MCU\PIC\PIC_LAB\NO4\LAB4.X\ASM.ASM 111 : Using default destination of 1 (file).
Message[305] F:\ELECTRICITY\MCU\PIC\PIC_LAB\NO4\LAB4.X\ASM.ASM 114 : Using default destination of 1 (file).
Message[305] F:\ELECTRICITY\MCU\PIC\PIC_LAB\NO4\LAB4.X\ASM.ASM 115 : Using default destination of 1 (file).
Message[305] F:\ELECTRICITY\MCU\PIC\PIC_LAB\NO4\LAB4.X\ASM.ASM 116 : Using default destination of 1 (file).
Message[305] F:\ELECTRICITY\MCU\PIC\PIC_LAB\NO4\LAB4.X\ASM.ASM 117 : Using default destination of 1 (file).
Message[305] F:\ELECTRICITY\MCU\PIC\PIC_LAB\NO4\LAB4.X\ASM.ASM 118 : Using default destination of 1 (file).
Warning[205] F:\ELECTRICITY\MCU\PIC\PIC_LAB\NO4\LAB4.X\ASM.ASM 131 : Found directive in column 1. (END)
