MPASM 5.68                          MAIN.ASM   10-21-2016  15:14:10         PAGE  1


LOC  OBJECT CODE     LINE SOURCE TEXT
  VALUE

                      00001 
                      00002 
Warning[205]: Found directive in column 1. (list)
                      00003 list            p=16f877A       ; list directive to define processor
                      00004 #include        <p16f877A.inc>  ; processor specific variable definitions       
                      00001         LIST
                      00002 
                      00003 ;==========================================================================
                      00004 ; Build date : May 15 2016
                      00005 ;  MPASM PIC16F877A processor include
                      00006 ; 
                      00007 ;  (c) Copyright 1999-2016 Microchip Technology, All rights reserved
                      00008 ;==========================================================================
                      00009 
                      00567         LIST
Warning[205]: Found directive in column 1. (__CONFIG)
2007   3F3A           00005 __CONFIG _CP_OFF & _WDT_OFF & _BODEN_OFF & _PWRTE_OFF & _HS_OSC & _WRT_OFF & _LVP_OFF & _CPD_OFF
                      00006 
  00000020            00007 sort_0  equ     0x20
  00000021            00008 sort_1  equ     0x21
  00000022            00009 sort_2  equ     0x22
  00000023            00010 sort_3  equ     0x23
  00000024            00011 sort_4  equ     0x24
  00000025            00012 sort_5  equ     0x25
  00000026            00013 sort_6  equ     0x26
  00000027            00014 sort_7  equ     0x27
  00000028            00015 sort_8  equ     0x28
  00000029            00016 sort_9  equ     0x29
  0000002A            00017 temp    equ     0x2a
  0000002B            00018 count_i equ     0x2b
  0000002C            00019 count_j equ     0x2c
  0000002D            00020 sort_i  equ     0x2d
  0000002E            00021 sort_j  equ     0x2e
                      00022         
                      00023 #define num1    .15
                      00024 #define num2    .12
                      00025 #define num3    .17
                      00026 #define num4    .14
                      00027 #define num5    .19
                      00028 #define num6    .11
                      00029 #define num7    .1
                      00030 #define num8    .23
                      00031 #define num9    .21
                      00032 #define num10   .20
                      00033 ;***********宏定义*********************
                      00034 ;比较两个数，小的在前，大的在后
                      00035 compare macro   sort_a,sort_b
                      00036         movf    sort_a,w
                      00037         subwf   sort_b,w
                      00038         btfsc   STATUS,C
                      00039         goto    $ + 7   ;sort_b>sort_a
                      00040         movf    sort_a,w        ;sort_b<sort_a
                      00041         movwf   temp
MPASM 5.68                          MAIN.ASM   10-21-2016  15:14:10         PAGE  2


LOC  OBJECT CODE     LINE SOURCE TEXT
  VALUE

                      00042         movf    sort_b,w
                      00043         movwf   sort_a
                      00044         movf    temp,w
                      00045         movwf   sort_b
                      00046         endm
                      00047 ;**********************************************************************
                      00048         ORG         0x0000           ; 复位入口地址
0000   0000           00049         nop                                      ; 兼容ICD调试工具，必须加nop
0001   2???           00050         goto        Main                 ; 跳转至Main函数
                      00051 ;**************************************Main 函数的代码**************
0002                  00052 Main                                               
0002   2???           00053         call    setup
0003   2???           00054         call    paixu
0004   0000           00055         nop
0005   2???           00056         goto           $                        ; 死循环
0006                  00057 setup
0006   300F           00058         movlw   num1
0007   00A0           00059         movwf   sort_0
0008   300C           00060         movlw   num2
0009   00A1           00061         movwf   sort_1
000A   3011           00062         movlw   num3
000B   00A2           00063         movwf   sort_2
000C   300E           00064         movlw   num4
000D   00A3           00065         movwf   sort_3
000E   3013           00066         movlw   num5
000F   00A4           00067         movwf   sort_4
0010   300B           00068         movlw   num6
0011   00A5           00069         movwf   sort_5
0012   3001           00070         movlw   num7
0013   00A6           00071         movwf   sort_6
0014   3017           00072         movlw   num8
0015   00A7           00073         movwf   sort_7
0016   3015           00074         movlw   num9
0017   00A8           00075         movwf   sort_8
0018   3014           00076         movlw   num10
0019   00A9           00077         movwf   sort_9
001A   0008           00078         return
                      00079         
                      00080 ;*********************冒泡排序*****************************
001B                  00081 paixu
001B   300A           00082         movlw   .10
001C   00AB           00083         movwf   count_i
001D   082B           00084 out_loop        movf    count_i,w
001E   00AC           00085         movwf   count_j
001F   03AC           00086         decf    count_j,f
0020   3020           00087         movlw   sort_0
0021   0084           00088         movwf   FSR
0022   0804           00089 in_loop movf    FSR,w
0023   3E01           00090         addlw   .1
0024   00AD           00091         movwf   sort_i
                      00092         compare w,INDF
Error[113]  : Symbol not previously defined (w)
0025   0800               M         movf    w,w
MPASM 5.68                          MAIN.ASM   10-21-2016  15:14:10         PAGE  3


LOC  OBJECT CODE     LINE SOURCE TEXT
  VALUE

0026   0200               M         subwf   INDF,w
0027   1803               M         btfsc   STATUS,C
0028   2???               M         goto    $ + 7   ;sort_b>sort_a
Error[113]  : Symbol not previously defined (w)
0029   0800               M         movf    w,w             ;sort_b<sort_a
002A   00AA               M         movwf   temp
002B   0800               M         movf    INDF,w
Error[113]  : Symbol not previously defined (w)
002C   0080               M         movwf   w
002D   082A               M         movf    temp,w
002E   0080               M         movwf   INDF
002F   0A84           00093         incf    FSR,f   ;右移一个
Message[305]: Using default destination of 1 (file).
0030   0BAC           00094         decfsz  count_j ;内循环减一
0031   2???           00095         goto    in_loop
Message[305]: Using default destination of 1 (file).
0032   0BAB           00096         decfsz  count_i ;外循环减一
0033   2???           00097         goto    out_loop
0034   0008           00098         return
                      00099 
Warning[205]: Found directive in column 1. (END)
3F3A                  00100 END                                                     ; 程序结束
MPASM 5.68                          MAIN.ASM   10-21-2016  15:14:10         PAGE  4


SYMBOL TABLE
  LABEL                             VALUE 

ACKDT                             00000005
ACKEN                             00000004
ACKSTAT                           00000006
ADCON0                            0000001F
ADCON1                            0000009F
ADCS0                             00000006
ADCS1                             00000007
ADCS2                             00000006
ADDEN                             00000003
ADFM                              00000007
ADIE                              00000006
ADIF                              00000006
ADON                              00000000
ADRESH                            0000001E
ADRESL                            0000009E
BCLIE                             00000003
BCLIF                             00000003
BF                                00000000
BRGH                              00000002
C                                 00000000
C1INV                             00000004
C1OUT                             00000006
C2INV                             00000005
C2OUT                             00000007
CCP1CON                           00000017
CCP1IE                            00000002
CCP1IF                            00000002
CCP1M0                            00000000
CCP1M1                            00000001
CCP1M2                            00000002
CCP1M3                            00000003
CCP1X                             00000005
CCP1Y                             00000004
CCP2CON                           0000001D
CCP2IE                            00000000
CCP2IF                            00000000
CCP2M0                            00000000
CCP2M1                            00000001
CCP2M2                            00000002
CCP2M3                            00000003
CCP2X                             00000005
CCP2Y                             00000004
CCPR1                             00000015
CCPR1H                            00000016
CCPR1L                            00000015
CCPR2                             0000001B
CCPR2H                            0000001C
CCPR2L                            0000001B
CHS0                              00000003
CHS1                              00000004
CHS2                              00000005
CIS                               00000003
CKE                               00000006
MPASM 5.68                          MAIN.ASM   10-21-2016  15:14:10         PAGE  5


SYMBOL TABLE
  LABEL                             VALUE 

CKP                               00000004
CM0                               00000000
CM1                               00000001
CM2                               00000002
CMCON                             0000009C
CMIE                              00000006
CMIF                              00000006
CREN                              00000004
CSRC                              00000007
CVR0                              00000000
CVR1                              00000001
CVR2                              00000002
CVR3                              00000003
CVRCON                            0000009D
CVREN                             00000007
CVROE                             00000006
CVRR                              00000005
D                                 00000005
DATA_ADDRESS                      00000005
DC                                00000001
D_A                               00000005
D_NOT_A                           00000005
EEADR                             0000010D
EEADRH                            0000010F
EECON1                            0000018C
EECON2                            0000018D
EEDATA                            0000010C
EEDATH                            0000010E
EEIE                              00000004
EEIF                              00000004
EEPGD                             00000007
F                                 00000001
FERR                              00000002
FSR                               00000004
GCEN                              00000007
GIE                               00000007
GO                                00000002
GO_DONE                           00000002
GO_NOT_DONE                       00000002
I2C_DATA                          00000005
I2C_READ                          00000002
I2C_START                         00000003
I2C_STOP                          00000004
IBF                               00000007
IBOV                              00000005
INDF                              00000000
INTCON                            0000000B
INTE                              00000004
INTEDG                            00000006
INTF                              00000001
IRP                               00000007
Main                              00000002
NOT_A                             00000005
MPASM 5.68                          MAIN.ASM   10-21-2016  15:14:10         PAGE  6


SYMBOL TABLE
  LABEL                             VALUE 

NOT_ADDRESS                       00000005
NOT_BO                            00000000
NOT_BOR                           00000000
NOT_DONE                          00000002
NOT_PD                            00000003
NOT_POR                           00000001
NOT_RBPU                          00000007
NOT_RC8                           00000006
NOT_T1SYNC                        00000002
NOT_TO                            00000004
NOT_TX8                           00000006
NOT_W                             00000002
NOT_WRITE                         00000002
OBF                               00000006
OERR                              00000001
OPTION_REG                        00000081
P                                 00000004
PCFG0                             00000000
PCFG1                             00000001
PCFG2                             00000002
PCFG3                             00000003
PCL                               00000002
PCLATH                            0000000A
PCON                              0000008E
PEIE                              00000006
PEN                               00000002
PIE1                              0000008C
PIE2                              0000008D
PIR1                              0000000C
PIR2                              0000000D
PORTA                             00000005
PORTB                             00000006
PORTC                             00000007
PORTD                             00000008
PORTE                             00000009
PR2                               00000092
PS0                               00000000
PS1                               00000001
PS2                               00000002
PSA                               00000003
PSPIE                             00000007
PSPIF                             00000007
PSPMODE                           00000004
R                                 00000002
RA0                               00000000
RA1                               00000001
RA2                               00000002
RA3                               00000003
RA4                               00000004
RA5                               00000005
RB0                               00000000
RB1                               00000001
RB2                               00000002
MPASM 5.68                          MAIN.ASM   10-21-2016  15:14:10         PAGE  7


SYMBOL TABLE
  LABEL                             VALUE 

RB3                               00000003
RB4                               00000004
RB5                               00000005
RB6                               00000006
RB7                               00000007
RBIE                              00000003
RBIF                              00000000
RC0                               00000000
RC1                               00000001
RC2                               00000002
RC3                               00000003
RC4                               00000004
RC5                               00000005
RC6                               00000006
RC7                               00000007
RC8_9                             00000006
RC9                               00000006
RCD8                              00000000
RCEN                              00000003
RCIE                              00000005
RCIF                              00000005
RCREG                             0000001A
RCSTA                             00000018
RD                                00000000
RD0                               00000000
RD1                               00000001
RD2                               00000002
RD3                               00000003
RD4                               00000004
RD5                               00000005
RD6                               00000006
RD7                               00000007
RE0                               00000000
RE1                               00000001
RE2                               00000002
READ_WRITE                        00000002
RP0                               00000005
RP1                               00000006
RSEN                              00000001
RX9                               00000006
RX9D                              00000000
R_NOT_W                           00000002
R_W                               00000002
S                                 00000003
SEN                               00000000
SMP                               00000007
SPBRG                             00000099
SPEN                              00000007
SREN                              00000005
SSPADD                            00000093
SSPBUF                            00000013
SSPCON                            00000014
SSPCON2                           00000091
MPASM 5.68                          MAIN.ASM   10-21-2016  15:14:10         PAGE  8


SYMBOL TABLE
  LABEL                             VALUE 

SSPEN                             00000005
SSPIE                             00000003
SSPIF                             00000003
SSPM0                             00000000
SSPM1                             00000001
SSPM2                             00000002
SSPM3                             00000003
SSPOV                             00000006
SSPSTAT                           00000094
STATUS                            00000003
SYNC                              00000004
T0CS                              00000005
T0IE                              00000005
T0IF                              00000002
T0SE                              00000004
T1CKPS0                           00000004
T1CKPS1                           00000005
T1CON                             00000010
T1INSYNC                          00000002
T1OSCEN                           00000003
T1SYNC                            00000002
T2CKPS0                           00000000
T2CKPS1                           00000001
T2CON                             00000012
TMR0                              00000001
TMR0IE                            00000005
TMR0IF                            00000002
TMR1                              0000000E
TMR1CS                            00000001
TMR1H                             0000000F
TMR1IE                            00000000
TMR1IF                            00000000
TMR1L                             0000000E
TMR1ON                            00000000
TMR2                              00000011
TMR2IE                            00000001
TMR2IF                            00000001
TMR2ON                            00000002
TOUTPS0                           00000003
TOUTPS1                           00000004
TOUTPS2                           00000005
TOUTPS3                           00000006
TRISA                             00000085
TRISA0                            00000000
TRISA1                            00000001
TRISA2                            00000002
TRISA3                            00000003
TRISA4                            00000004
TRISA5                            00000005
TRISB                             00000086
TRISB0                            00000000
TRISB1                            00000001
TRISB2                            00000002
MPASM 5.68                          MAIN.ASM   10-21-2016  15:14:10         PAGE  9


SYMBOL TABLE
  LABEL                             VALUE 

TRISB3                            00000003
TRISB4                            00000004
TRISB5                            00000005
TRISB6                            00000006
TRISB7                            00000007
TRISC                             00000087
TRISC0                            00000000
TRISC1                            00000001
TRISC2                            00000002
TRISC3                            00000003
TRISC4                            00000004
TRISC5                            00000005
TRISC6                            00000006
TRISC7                            00000007
TRISD                             00000088
TRISD0                            00000000
TRISD1                            00000001
TRISD2                            00000002
TRISD3                            00000003
TRISD4                            00000004
TRISD5                            00000005
TRISD6                            00000006
TRISD7                            00000007
TRISE                             00000089
TRISE0                            00000000
TRISE1                            00000001
TRISE2                            00000002
TRMT                              00000001
TX8_9                             00000006
TX9                               00000006
TX9D                              00000000
TXD8                              00000000
TXEN                              00000005
TXIE                              00000004
TXIF                              00000004
TXREG                             00000019
TXSTA                             00000098
UA                                00000001
W                                 00000000
WCOL                              00000007
WR                                00000001
WREN                              00000002
WRERR                             00000003
Z                                 00000002
_.org_0_0005                      00000005
_.org_0_0028                      00000028
_BODEN_OFF                        00003FBF
_BODEN_ON                         00003FFF
_BOREN_OFF                        00003FBF
_BOREN_ON                         00003FFF
_CONFIG                           00002007
_CPD_OFF                          00003FFF
_CPD_ON                           00003EFF
MPASM 5.68                          MAIN.ASM   10-21-2016  15:14:10         PAGE 10


SYMBOL TABLE
  LABEL                             VALUE 

_CP_ALL                           00001FFF
_CP_OFF                           00003FFF
_CP_ON                            00001FFF
_DEBUG_OFF                        00003FFF
_DEBUG_ON                         000037FF
_DEVID1                           00002006
_FOSC_EXTRC                       00003FFF
_FOSC_HS                          00003FFE
_FOSC_LP                          00003FFC
_FOSC_XT                          00003FFD
_HS_OSC                           00003FFE
_IDLOC0                           00002000
_IDLOC1                           00002001
_IDLOC2                           00002002
_IDLOC3                           00002003
_LP_OSC                           00003FFC
_LVP_OFF                          00003F7F
_LVP_ON                           00003FFF
_PWRTE_OFF                        00003FFF
_PWRTE_ON                         00003FF7
_RC_OSC                           00003FFF
_WDTE_OFF                         00003FFB
_WDTE_ON                          00003FFF
_WDT_OFF                          00003FFB
_WDT_ON                           00003FFF
_WRT_1FOURTH                      00003BFF
_WRT_256                          00003DFF
_WRT_HALF                         000039FF
_WRT_OFF                          00003FFF
_XT_OSC                           00003FFD
__16F877A                         00000001
compare                           
count_i                           0000002B
count_j                           0000002C
in_loop                           00000022
num1                              .15
num10                             .20
num2                              .12
num3                              .17
num4                              .14
num5                              .19
num6                              .11
num7                              .1
num8                              .23
num9                              .21
out_loop                          0000001D
paixu                             0000001B
setup                             00000006
sort_0                            00000020
sort_1                            00000021
sort_2                            00000022
sort_3                            00000023
sort_4                            00000024
MPASM 5.68                          MAIN.ASM   10-21-2016  15:14:10         PAGE 11


SYMBOL TABLE
  LABEL                             VALUE 

sort_5                            00000025
sort_6                            00000026
sort_7                            00000027
sort_8                            00000028
sort_9                            00000029
sort_i                            0000002D
sort_j                            0000002E
temp                              0000002A

Errors   :     3
Warnings :     3 reported,     0 suppressed
Messages :     2 reported,     0 suppressed

