MPASM 5.68                           ASM.ASM   10-28-2016  14:01:55         PAGE  1


LOC  OBJECT CODE     LINE SOURCE TEXT
  VALUE

                      00001 ;*******************************************************************************
                      00002 ; 标    题: PIC_ST_V3.0学习板演示程序--LED灯
                      00003 ; 文 件 名: led_light
                      00004 ; 建立日期: 2013.7.2
                      00005 ; 修改日期: 2013.7.2
                      00006 ; 版    本: V1.0
                      00007 ; 作    者: zyixin
                      00008 ;********************************************************************************
                      00009 ; 跳线接法：用短接帽短接P14
                      00010 ; 功能描述: 8位LED接PORTD，L1~L8分别对应RD0~RD7
                      00011 ;对PIC16F877A单片机的IO口简单的操作(输出模式)，点亮LED灯
                      00012 ;对PORTD的操作，详细见PIC16F877A数据手册4.4章节内容
                      00013 ;*******************************************************************************
                      00014 ;【版权】Copyright(C) 2009-2019 All Rights Reserved
                      00015 ;【声明】此程序仅用于学习与参考，引用请注明版权和作者信息！
                      00016 ;******************************************************************************/
                      00017 
                      00018  list           p=16f877A       ; 标明所用的处理器类型
                      00019  #include       <p16f877A.inc>  ; 调用头文件    
                      00001         LIST
                      00002 
                      00003 ;==========================================================================
                      00004 ; Build date : May 15 2016
                      00005 ;  MPASM PIC16F877A processor include
                      00006 ; 
                      00007 ;  (c) Copyright 1999-2016 Microchip Technology, All rights reserved
                      00008 ;==========================================================================
                      00009 
                      00567         LIST
2007   3F3A           00020  __CONFIG _CP_OFF & _WDT_OFF & _BODEN_OFF & _PWRTE_OFF & _HS_OSC & _WRT_OFF & _LVP_OFF & _CPD_OFF;熔丝位
                            配置字
                      00021 ; _CP_OFF: 代码保护关闭
                      00022 ;_WDT_OFF: 看门狗关闭
                      00023 ; _BODEN_OFF: 低压复位关闭
                      00024 ; _PWRTE_OFF: 上电延时计数关闭
                      00025 ; _HS_OSC : 外部高速振荡器使能
                      00026 ; _WRT_OFF : 写程序存储器保护关闭 
                      00027 ;_LVP_OFF : 低电压编程关闭
                      00028 ;_CPD_OFF : EEPROM存储器代码保护
                      00029 
                      00030 ;***** 变量声明*******************************************************
  00000020            00031 D1              EQU     0x20             ; 变量1，在HC595的初始化中使用
  00000021            00032 PORTD_SHADOW    EQU     0x21              ; PORTD的影子寄存器
                      00033 
                      00034 
  00000077            00035 L1                                EQU  0x77             ;延时函数循环变量
  00000078            00036 L2                                EQU  0x78             ;延时函数循环变量
  00000079            00037 L3                                EQU  0x79             ;延时函数循环变量
  0000007A            00038 i                                    EQU  0x7A             ;循环变量i
  0000007B            00039 j                                    EQU  0x7B             ;循环变量j
  0000007C            00040 k                                   EQU  0x7C             ;循环变量k
  0000007D            00041 w_temp            EQU   0x7D            ;中断现场保护
  0000007E            00042 status_temp       EQU   0x7E            ;中断现场保护
MPASM 5.68                           ASM.ASM   10-28-2016  14:01:55         PAGE  2


LOC  OBJECT CODE     LINE SOURCE TEXT
  VALUE

  0000007F            00043 pclath_temp       EQU   0x7F            ;中断现场保护             
                      00044 ;**********************************************************************
                      00045         ORG         0x0000          ; 复位入口地址
0000   0000           00046         nop                                     ; 与ICD调试配合的nop
0001   2???           00047         goto        main                ; 跳转到Main
                      00048 ;**********************************************************************
                      00049         ORG         0x0004                ; 中断向量入口地址
0004   00FD           00050         movwf   w_temp                ; 入栈保护
0005   0803           00051         movf          STATUS,w          
0006   00FE           00052         movwf   status_temp        
0007   080A           00053         movf          PCLATH,w   
0008   00FF           00054         movwf   pclath_temp      
                      00055 ;**********************************************************************
                      00056           
                      00057 ;**********************************************************************
0009                  00058 EndOfInt  
0009   087F           00059         movf         pclath_temp,w        ; 出栈
000A   008A           00060         movwf  PCLATH             
000B   087E           00061         movf      status_temp,w    
000C   0083           00062         movwf  STATUS                
000D   0EFD           00063         swapf    w_temp,f
000E   0E7D           00064         swapf    w_temp,w           
                      00065 ;********************************************************************** 
000F   0009           00066         retfie                                              ;  中断返回      
                      00067 
                      00068 ;-------------------------------------------------Main的代码--------------------------------------------
                            ---------------------
0010                  00069 main       
                      00070 ;*************************************开发板显示界面的通用初始化*******************************         
                                                               
0010   1683 1303      00071            banksel TRISD                              ; 选择bank1
Message[302]: Register in operand not in bank 0.  Ensure that bank bits are correct.
0012   0188           00072            clrf         TRISD                              ; 设置RD0-RD7为输出模式
Message[302]: Register in operand not in bank 0.  Ensure that bank bits are correct.
0013   1209           00073            bcf          TRISE, PSPMODE        ; 设置D端口为I/O端口模式              
0014   2???           00074            call         HC595_Init                    ; 调用子程序，初始化HC595
0015   3000           00075            movlw 0x00;                                ; 设置选中的HC595行
0016   2???           00076            call        HC595_Write_Byte     ; 调用子程序，选中所需的HC595行
0017   2???           00077            call        TurnOff_7LEDs            ; 调用子程序，关闭七段码LED 
                      00078 ;*****************************************************************************************************
                      00079 
                      00080 ;**********************实验内容**********************
                      00081 ; a)    打开所有的LED灯
                      00082 ;b)     从左到右依次熄灭其中一个LED灯
                      00083 ;c)     从左到右依次点亮其中一个LED灯
                      00084 ;d)     从右到左依次熄灭其中一个LED灯
                      00085 ;e)     从左到右逐个点亮LED灯
                      00086 ;f)     关闭所有的LED灯
                      00087 ;g)     从右到左逐个点亮LED灯
                      00088 ;h)     关闭所有的LED灯
                      00089 ;i)     从外向内对称点亮LED灯
                      00090 ;j)     从外向内对称关闭LED灯
0018   1283 1303      00091            banksel  PORTD                          ; 选择bank0
MPASM 5.68                           ASM.ASM   10-28-2016  14:01:55         PAGE  3


LOC  OBJECT CODE     LINE SOURCE TEXT
  VALUE

001A   30FF           00092 main_loop          movlw        0xff
001B   00A1           00093            movwf        PORTD_SHADOW
001C   0921           00094            comf PORTD_SHADOW,w
001D   0088           00095            movwf        PORTD                 ;打开所有的LED灯         
001E   3064           00096            movlw        .100                                 
001F   2???           00097            call DelayMS  
                      00098                    
0020   3008           00099            movlw        .8
0021   00FA           00100            movwf        i
0022   0BFA           00101            decfsz       i,f
0023   2???           00102            goto $ + 2
0024   2???           00103            goto $ + 8           ;下一动作
0025   1003           00104            bcf  STATUS,C
Message[305]: Using default destination of 1 (file).
0026   0CA1           00105            rrf  PORTD_SHADOW
0027   0921           00106            comf        PORTD_SHADOW, W 
0028   0088           00107            movwf        PORTD           ;从左到右依次熄灭其中一个LED灯
0029   3064           00108            movlw        .100
002A   2???           00109            call DelayMS
002B   2???           00110            goto $ - 9
                      00111            
002C   3008           00112            movlw        .8
002D   00FA           00113            movwf        i
002E   0BFA           00114            decfsz       i,f
002F   2???           00115            goto $ + 2
0030   2???           00116            goto $ + 8
0031   1403           00117            bsf  STATUS,C
Message[305]: Using default destination of 1 (file).
0032   0CA1           00118            rrf  PORTD_SHADOW
0033   0921           00119            comf        PORTD_SHADOW, W 
0034   0088           00120            movwf        PORTD           ;从左到右依次点亮其中一个LED灯
0035   3064           00121            movlw        .100
0036   2???           00122            call DelayMS
0037   2???           00123            goto $ - 9
                      00124            
0038   3008           00125            movlw        .8
0039   00FA           00126            movwf        i
003A   0BFA           00127            decfsz       i,f
003B   2???           00128            goto $ + 2
003C   2???           00129            goto $ + 8
003D   1003           00130            bcf  STATUS,C
Message[305]: Using default destination of 1 (file).
003E   0DA1           00131            rlf  PORTD_SHADOW
003F   0921           00132            comf        PORTD_SHADOW, W 
0040   0088           00133            movwf        PORTD           ;从右到左依次熄灭其中一个LED灯
0041   3064           00134            movlw        .100
0042   2???           00135            call DelayMS
0043   2???           00136            goto $ - 9
                      00137            
0044   3008           00138            movlw        .8
0045   00FA           00139            movwf        i
0046   3080           00140            movlw        0x80
0047   00A1           00141            movwf        PORTD_SHADOW
MPASM 5.68                           ASM.ASM   10-28-2016  14:01:55         PAGE  4


LOC  OBJECT CODE     LINE SOURCE TEXT
  VALUE

0048   1003           00142            bcf  STATUS,C
0049   0BFA           00143            decfsz       i,f
004A   2???           00144            goto $ + 2
004B   2???           00145            goto $ + 7
Message[305]: Using default destination of 1 (file).
004C   0CA1           00146            rrf  PORTD_SHADOW
004D   0921           00147            comf        PORTD_SHADOW, W 
004E   0088           00148            movwf        PORTD           ;从左到右逐个点亮LED灯
004F   3064           00149            movlw        .100
0050   2???           00150            call DelayMS
0051   2???           00151            goto $ - 8
                      00152            
0052   30FF           00153            movlw        0xff
0053   0088           00154            movwf        PORTD           ;关闭所有的LED灯
0054   3064           00155            movlw        .100
0055   2???           00156            call DelayMS
                      00157            
0056   3008           00158            movlw        .8
0057   00FA           00159            movwf        i
0058   3001           00160            movlw        0x01
0059   00A1           00161            movwf        PORTD_SHADOW
005A   1003           00162            bcf  STATUS,C
005B   0BFA           00163            decfsz       i,f
005C   2???           00164            goto $ + 2
005D   2???           00165            goto $ + 7
Message[305]: Using default destination of 1 (file).
005E   0DA1           00166            rlf  PORTD_SHADOW
005F   0921           00167            comf        PORTD_SHADOW, W 
0060   0088           00168            movwf        PORTD           ;从右到左逐个点亮LED灯
0061   3064           00169            movlw        .100
0062   2???           00170            call DelayMS
0063   2???           00171            goto $ - 8
                      00172            
0064   30FF           00173            movlw        0xff
0065   0088           00174            movwf        PORTD           ;关闭所有的LED灯
0066   3064           00175            movlw        .100
0067   2???           00176            call DelayMS
                      00177            
0068   3004           00178            movlw        .4
0069   00FA           00179            movwf        i
006A   30FF           00180            movlw        0xff
006B   00FB           00181            movwf        j
006C   30FF           00182            movlw        0xff
006D   00FC           00183            movwf        k          
006E   0BFA           00184            decfsz       i,f
006F   2???           00185            goto $ + 2
0070   2???           00186            goto $ + .11
0071   1003           00187            bcf  STATUS,C
Message[305]: Using default destination of 1 (file).
0072   0DFB           00188            rlf  j
0073   1003           00189            bcf  STATUS,C
Message[305]: Using default destination of 1 (file).
0074   0CFC           00190            rrf  k
MPASM 5.68                           ASM.ASM   10-28-2016  14:01:55         PAGE  5


LOC  OBJECT CODE     LINE SOURCE TEXT
  VALUE

0075   087C           00191            movf k,w
0076   057B           00192            andwf        j,w
0077   0088           00193            movwf        PORTD            ;从外向内对称点亮LED灯
0078   30C8           00194            movlw        .200
0079   2???           00195            call DelayMS
007A   2???           00196            goto $ - .12
                      00197            
Warning[202]: Argument out of range.  Least significant bits used.
007B   302C           00198            movlw        .300
007C   2???           00199            call DelayMS
                      00200           
007D   3004           00201            movlw        .4
007E   00FA           00202            movwf        i
007F   3000           00203            movlw        0x00
0080   00FB           00204            movwf        j
0081   3000           00205            movlw        0x00
0082   00FC           00206            movwf        k          
0083   0BFA           00207            decfsz       i,f
0084   2???           00208            goto $ + 2
0085   2???           00209            goto $ + .11
0086   1403           00210            bsf  STATUS,C
Message[305]: Using default destination of 1 (file).
0087   0DFB           00211            rlf  j
0088   1403           00212            bsf  STATUS,C
Message[305]: Using default destination of 1 (file).
0089   0CFC           00213            rrf  k
008A   087C           00214            movf k,w
008B   047B           00215            iorwf        j,w
008C   0088           00216            movwf        PORTD            ;从外向内对称关闭LED灯
008D   30C8           00217            movlw        .200
008E   2???           00218            call DelayMS
008F   2???           00219            goto $ - .12
                      00220 
0090   2???           00221            goto main_loop
                      00222            
                      00223 ;------------------------------------------------------------------子函数-------------------------------
                            -----------------------------------------------
                      00224 ;********HC595_Init******************
0091                  00225 HC595_Init                                     ; 初始化 74HC595
0091   1683 1303      00226           banksel  ADCON1               ;
0093   308E           00227           movlw  0x8E;
Message[302]: Register in operand not in bank 0.  Ensure that bank bits are correct.
0094   009F           00228           movwf  ADCON1                ;
Message[302]: Register in operand not in bank 0.  Ensure that bank bits are correct.
0095   1285           00229           bcf         TRISA, 5          ; SCK_595
Message[302]: Register in operand not in bank 0.  Ensure that bank bits are correct.
0096   1009           00230           bcf         TRISE, 0          ; RCK_595
Message[302]: Register in operand not in bank 0.  Ensure that bank bits are correct.
0097   1007           00231           bcf         TRISC, 0          ; SER_595
0098   0008           00232           return                             ;
                      00233 ;********HC595_Write_Byte***********
0099                  00234 HC595_Write_Byte                    ; 设置 74HC595选中的行，具体的行数由W寄存器的值决定
0099   1283 1303      00235           banksel  D1                        ;
MPASM 5.68                           ASM.ASM   10-28-2016  14:01:55         PAGE  6


LOC  OBJECT CODE     LINE SOURCE TEXT
  VALUE

009B   00A0           00236           movwf  D1                         ;
009C   3008           00237           movlw  .8                           ;
009D   00FA           00238           movwf  i                             ; 
009E                  00239 Loop_595
009E   1BA0           00240           btfsc      D1, 7                    ;
009F   2???           00241           goto       SET1_595          ;
00A0   2???           00242           goto       SET0_595          ;
00A1                  00243 SET1_595
00A1   1407           00244           bsf          PORTC, 0           ;
00A2   2???           00245           goto       Clock_595         ;
Warning[207]: Found label after column 1. (SET0_595)
00A3                  00246  SET0_595
00A3   1007           00247           bcf          PORTC, 0           ;
00A4   2???           00248           goto       Clock_595         ;
00A5                  00249 Clock_595
00A5   0000           00250           nop                                      ;
00A6   1285           00251           bcf          PORTA, 5           ;           
00A7   0DA0           00252           RLF        D1, f                     ;
00A8   1685           00253           bsf          PORTA, 5           ;
00A9   0BFA           00254           decfsz   i, f                         ;
00AA   2???           00255           goto       Loop_595         ;      
00AB   1009           00256           bcf          PORTE, 0          ;
00AC   0000           00257           nop                                     ;
00AD   1409           00258           bsf          PORTE, 0          ;        
00AE   0000           00259           nop   
00AF   0008           00260           return                               ;
                      00261 ;********TurnOff_7LEDs ***********
00B0                  00262 TurnOff_7LEDs                    ; 关闭七段码显示器
00B0   1683 1303      00263           banksel  TRISA           ;
Message[302]: Register in operand not in bank 0.  Ensure that bank bits are correct.
00B2   1105           00264           bcf           TRISA, 2      ;
Message[302]: Register in operand not in bank 0.  Ensure that bank bits are correct.
00B3   1185           00265           bcf           TRISA, 3      ;
Message[302]: Register in operand not in bank 0.  Ensure that bank bits are correct.
00B4   1205           00266           bcf           TRISA, 4      ;
00B5   1283 1303      00267           banksel  PORTA        ;
00B7   1505           00268           bsf           PORTA, 2   ;
00B8   1585           00269           bsf           PORTA, 3   ;
00B9   1605           00270           bsf           PORTA, 4   ;
00BA   0008           00271           return                         ;
                      00272 
                      00273 ;**************DelayMS**************
00BB                  00274 DelayMS                                 ; 延时x毫秒，x由变量W设定
00BB   00F7           00275           movwf   L1                 ;
00BC                  00276 LL1
00BC   3011           00277           movlw   .17                ;
00BD   00F8           00278           movwf   L2                 ;
00BE                  00279 LL2
00BE   3061           00280           movlw   .97            ;
00BF   00F9           00281           movwf   L3                 ;
00C0                  00282 LL3        
00C0   0BF9           00283           decfsz    L3, f             ;
00C1   2???           00284           goto        LL3              ;
MPASM 5.68                           ASM.ASM   10-28-2016  14:01:55         PAGE  7


LOC  OBJECT CODE     LINE SOURCE TEXT
  VALUE

00C2   0BF8           00285           decfsz    L2, f             ;
00C3   2???           00286           goto        LL2              ;
00C4   0BF7           00287           decfsz    L1, f             ;
00C5   2???           00288           goto        LL1              ;
00C6   0008           00289           return                         ;
                      00290 
                      00291 
                      00292 ;-------------------------------------------------------------------------------------------
Warning[205]: Found directive in column 1. (END)
3F3A                  00293 END                                        ; 程序结束
MPASM 5.68                           ASM.ASM   10-28-2016  14:01:55         PAGE  8


SYMBOL TABLE
  LABEL                             VALUE 

ACKDT                             00000005
ACKEN                             00000004
ACKSTAT                           00000006
ADCON0                            0000001F
ADCON1                            0000009F
ADCS0                             00000006
ADCS1                             00000007
ADCS2                             00000006
ADDEN                             00000003
ADFM                              00000007
ADIE                              00000006
ADIF                              00000006
ADON                              00000000
ADRESH                            0000001E
ADRESL                            0000009E
BCLIE                             00000003
BCLIF                             00000003
BF                                00000000
BRGH                              00000002
C                                 00000000
C1INV                             00000004
C1OUT                             00000006
C2INV                             00000005
C2OUT                             00000007
CCP1CON                           00000017
CCP1IE                            00000002
CCP1IF                            00000002
CCP1M0                            00000000
CCP1M1                            00000001
CCP1M2                            00000002
CCP1M3                            00000003
CCP1X                             00000005
CCP1Y                             00000004
CCP2CON                           0000001D
CCP2IE                            00000000
CCP2IF                            00000000
CCP2M0                            00000000
CCP2M1                            00000001
CCP2M2                            00000002
CCP2M3                            00000003
CCP2X                             00000005
CCP2Y                             00000004
CCPR1                             00000015
CCPR1H                            00000016
CCPR1L                            00000015
CCPR2                             0000001B
CCPR2H                            0000001C
CCPR2L                            0000001B
CHS0                              00000003
CHS1                              00000004
CHS2                              00000005
CIS                               00000003
CKE                               00000006
MPASM 5.68                           ASM.ASM   10-28-2016  14:01:55         PAGE  9


SYMBOL TABLE
  LABEL                             VALUE 

CKP                               00000004
CM0                               00000000
CM1                               00000001
CM2                               00000002
CMCON                             0000009C
CMIE                              00000006
CMIF                              00000006
CREN                              00000004
CSRC                              00000007
CVR0                              00000000
CVR1                              00000001
CVR2                              00000002
CVR3                              00000003
CVRCON                            0000009D
CVREN                             00000007
CVROE                             00000006
CVRR                              00000005
Clock_595                         000000A5
D                                 00000005
D1                                00000020
DATA_ADDRESS                      00000005
DC                                00000001
D_A                               00000005
D_NOT_A                           00000005
DelayMS                           000000BB
EEADR                             0000010D
EEADRH                            0000010F
EECON1                            0000018C
EECON2                            0000018D
EEDATA                            0000010C
EEDATH                            0000010E
EEIE                              00000004
EEIF                              00000004
EEPGD                             00000007
EndOfInt                          00000009
F                                 00000001
FERR                              00000002
FSR                               00000004
GCEN                              00000007
GIE                               00000007
GO                                00000002
GO_DONE                           00000002
GO_NOT_DONE                       00000002
HC595_Init                        00000091
HC595_Write_Byte                  00000099
I2C_DATA                          00000005
I2C_READ                          00000002
I2C_START                         00000003
I2C_STOP                          00000004
IBF                               00000007
IBOV                              00000005
INDF                              00000000
INTCON                            0000000B
MPASM 5.68                           ASM.ASM   10-28-2016  14:01:55         PAGE 10


SYMBOL TABLE
  LABEL                             VALUE 

INTE                              00000004
INTEDG                            00000006
INTF                              00000001
IRP                               00000007
L1                                00000077
L2                                00000078
L3                                00000079
LL1                               000000BC
LL2                               000000BE
LL3                               000000C0
Loop_595                          0000009E
NOT_A                             00000005
NOT_ADDRESS                       00000005
NOT_BO                            00000000
NOT_BOR                           00000000
NOT_DONE                          00000002
NOT_PD                            00000003
NOT_POR                           00000001
NOT_RBPU                          00000007
NOT_RC8                           00000006
NOT_T1SYNC                        00000002
NOT_TO                            00000004
NOT_TX8                           00000006
NOT_W                             00000002
NOT_WRITE                         00000002
OBF                               00000006
OERR                              00000001
OPTION_REG                        00000081
P                                 00000004
PCFG0                             00000000
PCFG1                             00000001
PCFG2                             00000002
PCFG3                             00000003
PCL                               00000002
PCLATH                            0000000A
PCON                              0000008E
PEIE                              00000006
PEN                               00000002
PIE1                              0000008C
PIE2                              0000008D
PIR1                              0000000C
PIR2                              0000000D
PORTA                             00000005
PORTB                             00000006
PORTC                             00000007
PORTD                             00000008
PORTD_SHADOW                      00000021
PORTE                             00000009
PR2                               00000092
PS0                               00000000
PS1                               00000001
PS2                               00000002
PSA                               00000003
MPASM 5.68                           ASM.ASM   10-28-2016  14:01:55         PAGE 11


SYMBOL TABLE
  LABEL                             VALUE 

PSPIE                             00000007
PSPIF                             00000007
PSPMODE                           00000004
R                                 00000002
RA0                               00000000
RA1                               00000001
RA2                               00000002
RA3                               00000003
RA4                               00000004
RA5                               00000005
RB0                               00000000
RB1                               00000001
RB2                               00000002
RB3                               00000003
RB4                               00000004
RB5                               00000005
RB6                               00000006
RB7                               00000007
RBIE                              00000003
RBIF                              00000000
RC0                               00000000
RC1                               00000001
RC2                               00000002
RC3                               00000003
RC4                               00000004
RC5                               00000005
RC6                               00000006
RC7                               00000007
RC8_9                             00000006
RC9                               00000006
RCD8                              00000000
RCEN                              00000003
RCIE                              00000005
RCIF                              00000005
RCREG                             0000001A
RCSTA                             00000018
RD                                00000000
RD0                               00000000
RD1                               00000001
RD2                               00000002
RD3                               00000003
RD4                               00000004
RD5                               00000005
RD6                               00000006
RD7                               00000007
RE0                               00000000
RE1                               00000001
RE2                               00000002
READ_WRITE                        00000002
RP0                               00000005
RP1                               00000006
RSEN                              00000001
RX9                               00000006
MPASM 5.68                           ASM.ASM   10-28-2016  14:01:55         PAGE 12


SYMBOL TABLE
  LABEL                             VALUE 

RX9D                              00000000
R_NOT_W                           00000002
R_W                               00000002
S                                 00000003
SEN                               00000000
SET0_595                          000000A3
SET1_595                          000000A1
SMP                               00000007
SPBRG                             00000099
SPEN                              00000007
SREN                              00000005
SSPADD                            00000093
SSPBUF                            00000013
SSPCON                            00000014
SSPCON2                           00000091
SSPEN                             00000005
SSPIE                             00000003
SSPIF                             00000003
SSPM0                             00000000
SSPM1                             00000001
SSPM2                             00000002
SSPM3                             00000003
SSPOV                             00000006
SSPSTAT                           00000094
STATUS                            00000003
SYNC                              00000004
T0CS                              00000005
T0IE                              00000005
T0IF                              00000002
T0SE                              00000004
T1CKPS0                           00000004
T1CKPS1                           00000005
T1CON                             00000010
T1INSYNC                          00000002
T1OSCEN                           00000003
T1SYNC                            00000002
T2CKPS0                           00000000
T2CKPS1                           00000001
T2CON                             00000012
TMR0                              00000001
TMR0IE                            00000005
TMR0IF                            00000002
TMR1                              0000000E
TMR1CS                            00000001
TMR1H                             0000000F
TMR1IE                            00000000
TMR1IF                            00000000
TMR1L                             0000000E
TMR1ON                            00000000
TMR2                              00000011
TMR2IE                            00000001
TMR2IF                            00000001
TMR2ON                            00000002
MPASM 5.68                           ASM.ASM   10-28-2016  14:01:55         PAGE 13


SYMBOL TABLE
  LABEL                             VALUE 

TOUTPS0                           00000003
TOUTPS1                           00000004
TOUTPS2                           00000005
TOUTPS3                           00000006
TRISA                             00000085
TRISA0                            00000000
TRISA1                            00000001
TRISA2                            00000002
TRISA3                            00000003
TRISA4                            00000004
TRISA5                            00000005
TRISB                             00000086
TRISB0                            00000000
TRISB1                            00000001
TRISB2                            00000002
TRISB3                            00000003
TRISB4                            00000004
TRISB5                            00000005
TRISB6                            00000006
TRISB7                            00000007
TRISC                             00000087
TRISC0                            00000000
TRISC1                            00000001
TRISC2                            00000002
TRISC3                            00000003
TRISC4                            00000004
TRISC5                            00000005
TRISC6                            00000006
TRISC7                            00000007
TRISD                             00000088
TRISD0                            00000000
TRISD1                            00000001
TRISD2                            00000002
TRISD3                            00000003
TRISD4                            00000004
TRISD5                            00000005
TRISD6                            00000006
TRISD7                            00000007
TRISE                             00000089
TRISE0                            00000000
TRISE1                            00000001
TRISE2                            00000002
TRMT                              00000001
TX8_9                             00000006
TX9                               00000006
TX9D                              00000000
TXD8                              00000000
TXEN                              00000005
TXIE                              00000004
TXIF                              00000004
TXREG                             00000019
TXSTA                             00000098
TurnOff_7LEDs                     000000B0
MPASM 5.68                           ASM.ASM   10-28-2016  14:01:55         PAGE 14


SYMBOL TABLE
  LABEL                             VALUE 

UA                                00000001
W                                 00000000
WCOL                              00000007
WR                                00000001
WREN                              00000002
WRERR                             00000003
Z                                 00000002
_.org_1_0023                      00000023
_.org_1_0024                      00000024
_.org_1_002B                      0000002B
_.org_1_002F                      0000002F
_.org_1_0030                      00000030
_.org_1_0037                      00000037
_.org_1_003B                      0000003B
_.org_1_003C                      0000003C
_.org_1_0043                      00000043
_.org_1_004A                      0000004A
_.org_1_004B                      0000004B
_.org_1_0051                      00000051
_.org_1_005C                      0000005C
_.org_1_005D                      0000005D
_.org_1_0063                      00000063
_.org_1_006F                      0000006F
_.org_1_0070                      00000070
_.org_1_007A                      0000007A
_.org_1_0084                      00000084
_.org_1_0085                      00000085
_.org_1_008F                      0000008F
_BODEN_OFF                        00003FBF
_BODEN_ON                         00003FFF
_BOREN_OFF                        00003FBF
_BOREN_ON                         00003FFF
_CONFIG                           00002007
_CPD_OFF                          00003FFF
_CPD_ON                           00003EFF
_CP_ALL                           00001FFF
_CP_OFF                           00003FFF
_CP_ON                            00001FFF
_DEBUG_OFF                        00003FFF
_DEBUG_ON                         000037FF
_DEVID1                           00002006
_FOSC_EXTRC                       00003FFF
_FOSC_HS                          00003FFE
_FOSC_LP                          00003FFC
_FOSC_XT                          00003FFD
_HS_OSC                           00003FFE
_IDLOC0                           00002000
_IDLOC1                           00002001
_IDLOC2                           00002002
_IDLOC3                           00002003
_LP_OSC                           00003FFC
_LVP_OFF                          00003F7F
_LVP_ON                           00003FFF
MPASM 5.68                           ASM.ASM   10-28-2016  14:01:55         PAGE 15


SYMBOL TABLE
  LABEL                             VALUE 

_PWRTE_OFF                        00003FFF
_PWRTE_ON                         00003FF7
_RC_OSC                           00003FFF
_WDTE_OFF                         00003FFB
_WDTE_ON                          00003FFF
_WDT_OFF                          00003FFB
_WDT_ON                           00003FFF
_WRT_1FOURTH                      00003BFF
_WRT_256                          00003DFF
_WRT_HALF                         000039FF
_WRT_OFF                          00003FFF
_XT_OSC                           00003FFD
__16F877A                         00000001
i                                 0000007A
j                                 0000007B
k                                 0000007C
main                              00000010
main_loop                         0000001A
pclath_temp                       0000007F
status_temp                       0000007E
w_temp                            0000007D

Errors   :     0
Warnings :     3 reported,     0 suppressed
Messages :    18 reported,     0 suppressed

