MPASM 5.68                          MAIN.ASM   10-17-2016  23:19:22         PAGE  1


LOC  OBJECT CODE     LINE SOURCE TEXT
  VALUE

                      00001 ;*************************************************************************
                      00002 ; 标 题: 微机实验--实现双字节无符号数除法（不恢复余数法）
                      00003 ; 文 件 名: ASM.asm
                      00004 ; 建立日期: 2016.10.14
                      00005 ; 修改日期: 2016.10.14
                      00006 ; 版 本: V1.0
                      00007 ; 作 者: 孙训
                      00008 ;*************************************************************************
                      00009 ; 跳线接法：
                      00010 ; 功能描述: 实现双字节无符号数除法（不恢复余数法）
                      00011 ;*************************************************************************
                      00012 ;【版权】Copyright(C) 20016-2026 All Rights Reserved
                      00013 ;【声明】此程序仅用于学习与参考，引用请注明版权和作者信息！
                      00014 ;相关编译配置*************************************************************
Warning[205]: Found directive in column 1. (list)
                      00015 list p=16f877A ; 标明所用的处理器类型
                      00016 #include <p16f877A.inc> ; 调用头文件
                      00001         LIST
                      00002 
                      00003 ;==========================================================================
                      00004 ; Build date : May 15 2016
                      00005 ;  MPASM PIC16F877A processor include
                      00006 ; 
                      00007 ;  (c) Copyright 1999-2016 Microchip Technology, All rights reserved
                      00008 ;==========================================================================
                      00009 
                      00567         LIST
                      00017 ;相关变量常量申明*********************************************************
  00000070            00018 ACCALO EQU 0x70 ;存放被除数低 8 位
  00000071            00019 ACCAHI EQU 0x71 ;存放被除数高 8 位
  00000072            00020 ACCBLO EQU 0x72 ;存放除数 8 位
  00000073            00021 ACCCLO EQU 0x73 ;存放余数 8 位
  00000074            00022 ACCCHI EQU 0x74 ;存放商 8 位
  00000075            00023 COUNT EQU 0x75 ;计数器，左移次数
  00000076            00024 FLAG EQU 0x76 ;结果溢出标志，没有溢出 0x00，溢出 0xFF
                      00025 ;*************************************************************************
                      00026 ;自定义宏-----------------------------------------------------------------
                      00027 ;实现 16 位立即数除以 8 位立即数**********************************************
                      00028 Div_16 macro AA, BB ;AA 是被除数，BB 是除数，即 AA÷BB
                      00029 movlw low(AA) ;赋值到被除数寄存器
                      00030 movwf ACCALO
                      00031 movlw high(AA)
                      00032 movwf ACCAHI
                      00033 movlw BB ;赋值到除数寄存器
                      00034 movwf ACCBLO
                      00035 call div16 ;实现被减数寄存器和减数寄存器中的值相减
Warning[205]: Found directive in column 1. (endm)
                      00036 endm
                      00037 ;*************************************************************************
Warning[205]: Found directive in column 1. (org)
                      00038 org 0x0000 ;复位入口地址
Warning[203]: Found opcode in column 1. (nop)
0000   0000           00039 nop ;兼容 ICD 调试工具，必须加 nop
MPASM 5.68                          MAIN.ASM   10-17-2016  23:19:22         PAGE  2


LOC  OBJECT CODE     LINE SOURCE TEXT
  VALUE

Warning[203]: Found opcode in column 1. (goto)
0001   2???           00040 goto main ;跳转至 Main 函数
                      00041 ;Main 的代码---------------------------------------------------------------
0002                  00042 main
Warning[206]: Found call to macro in column 1. (Div_16)
                      00043 Div_16 .10000, .200 ;1234 ÷ 40 = 30 余 34，结果未溢出
Warning[203]: Found opcode in column 1. (movlw)
0002   3010               M movlw low(.10000) ;赋值到被除数寄存器
Warning[203]: Found opcode in column 1. (movwf)
0003   00F0               M movwf ACCALO
Warning[203]: Found opcode in column 1. (movlw)
0004   3027               M movlw high(.10000)
Warning[203]: Found opcode in column 1. (movwf)
0005   00F1               M movwf ACCAHI
Warning[203]: Found opcode in column 1. (movlw)
0006   30C8               M movlw .200 ;赋值到除数寄存器
Warning[203]: Found opcode in column 1. (movwf)
0007   00F2               M movwf ACCBLO
Warning[203]: Found opcode in column 1. (call)
0008   2???               M call div16 ;实现被减数寄存器和减数寄存器中的值相减
Warning[206]: Found call to macro in column 1. (Div_16)
                      00044 Div_16 .1234, .4 ;1234 ÷ 4 = 308 余 2，结果溢出，直接溢出报错
Warning[203]: Found opcode in column 1. (movlw)
0009   30D2               M movlw low(.1234) ;赋值到被除数寄存器
Warning[203]: Found opcode in column 1. (movwf)
000A   00F0               M movwf ACCALO
Warning[203]: Found opcode in column 1. (movlw)
000B   3004               M movlw high(.1234)
Warning[203]: Found opcode in column 1. (movwf)
000C   00F1               M movwf ACCAHI
Warning[203]: Found opcode in column 1. (movlw)
000D   3004               M movlw .4 ;赋值到除数寄存器
Warning[203]: Found opcode in column 1. (movwf)
000E   00F2               M movwf ACCBLO
Warning[203]: Found opcode in column 1. (call)
000F   2???               M call div16 ;实现被减数寄存器和减数寄存器中的值相减
Warning[203]: Found opcode in column 1. (goto)
0010   2???           00045 goto $
                      00046 ;子函数代码---------------------------------------------------------------
                      00047 ;16 位无符号数除法*********************************************************
0011                  00048 div16
Warning[203]: Found opcode in column 1. (clrf)
0011   01F6           00049 clrf FLAG ;判断结果是否溢出标志位清零
Warning[203]: Found opcode in column 1. (movlw)
0012   3008           00050 movlw .8
Warning[203]: Found opcode in column 1. (movwf)
0013   00F5           00051 movwf COUNT ;COUNT 初始值为 8
Warning[203]: Found opcode in column 1. (movf)
0014   0872           00052 movf ACCBLO, w
Warning[203]: Found opcode in column 1. (subwf)
0015   02F1           00053 subwf ACCAHI, f
Warning[203]: Found opcode in column 1. (btfss)
0016   1C03           00054 btfss STATUS, C
MPASM 5.68                          MAIN.ASM   10-17-2016  23:19:22         PAGE  3


LOC  OBJECT CODE     LINE SOURCE TEXT
  VALUE

Warning[203]: Found opcode in column 1. (goto)
0017   2???           00055 goto $+3
Warning[203]: Found opcode in column 1. (comf)
0018   09F6           00056 comf FLAG, f ;溢出标志位置为 0xFF
Warning[203]: Found opcode in column 1. (return)
0019   0008           00057 return
                      00058 
Warning[203]: Found opcode in column 1. (rlf)
001A   0DF4           00059 rlf ACCCHI, f ;没溢出，把商存到商的寄存器里头
001B                  00060 div16loop
Warning[203]: Found opcode in column 1. (rlf)
001B   0DF0           00061 rlf ACCALO, f ;被除数左移
Warning[203]: Found opcode in column 1. (rlf)
001C   0DF1           00062 rlf ACCAHI, f
Warning[203]: Found opcode in column 1. (btfsc)
001D   1874           00063 btfsc ACCCHI, 0
Warning[203]: Found opcode in column 1. (goto)
001E   2???           00064 goto $+3
Warning[203]: Found opcode in column 1. (addwf)
001F   07F1           00065 addwf ACCAHI, f ;商 0，接下来加除数
Warning[203]: Found opcode in column 1. (goto)
0020   2???           00066 goto $+2
Warning[203]: Found opcode in column 1. (subwf)
0021   02F1           00067 subwf ACCAHI, f ;商 1，接下来减除数
Warning[203]: Found opcode in column 1. (rlf)
0022   0DF4           00068 rlf ACCCHI, f ;把商存到存商的寄存器里头
Warning[203]: Found opcode in column 1. (decfsz)
Message[305]: Using default destination of 1 (file).
0023   0BF5           00069 decfsz COUNT
Warning[203]: Found opcode in column 1. (goto)
0024   2???           00070 goto div16loop
Warning[203]: Found opcode in column 1. (btfsc)
0025   1874           00071 btfsc ACCCHI, 0
Warning[203]: Found opcode in column 1. (goto)
0026   2???           00072 goto $+3
Warning[203]: Found opcode in column 1. (addwf)
0027   0771           00073 addwf ACCAHI, w ;商 0，变成加除数恢复余数
Warning[203]: Found opcode in column 1. (goto)
0028   2???           00074 goto $+2
Warning[203]: Found opcode in column 1. (subwf)
0029   0271           00075 subwf ACCAHI, w ;商 1，变成减除数恢复余数
Warning[203]: Found opcode in column 1. (movwf)
002A   00F3           00076 movwf ACCCLO ;把余数放到存余数的寄存器里
Warning[203]: Found opcode in column 1. (return)
002B   0008           00077 return
                      00078 ;-------------------------------------------------------------------------
Warning[205]: Found directive in column 1. (END)
                      00079 END ;程序结束
MPASM 5.68                          MAIN.ASM   10-17-2016  23:19:22         PAGE  4


SYMBOL TABLE
  LABEL                             VALUE 

ACCAHI                            00000071
ACCALO                            00000070
ACCBLO                            00000072
ACCCHI                            00000074
ACCCLO                            00000073
ACKDT                             00000005
ACKEN                             00000004
ACKSTAT                           00000006
ADCON0                            0000001F
ADCON1                            0000009F
ADCS0                             00000006
ADCS1                             00000007
ADCS2                             00000006
ADDEN                             00000003
ADFM                              00000007
ADIE                              00000006
ADIF                              00000006
ADON                              00000000
ADRESH                            0000001E
ADRESL                            0000009E
BCLIE                             00000003
BCLIF                             00000003
BF                                00000000
BRGH                              00000002
C                                 00000000
C1INV                             00000004
C1OUT                             00000006
C2INV                             00000005
C2OUT                             00000007
CCP1CON                           00000017
CCP1IE                            00000002
CCP1IF                            00000002
CCP1M0                            00000000
CCP1M1                            00000001
CCP1M2                            00000002
CCP1M3                            00000003
CCP1X                             00000005
CCP1Y                             00000004
CCP2CON                           0000001D
CCP2IE                            00000000
CCP2IF                            00000000
CCP2M0                            00000000
CCP2M1                            00000001
CCP2M2                            00000002
CCP2M3                            00000003
CCP2X                             00000005
CCP2Y                             00000004
CCPR1                             00000015
CCPR1H                            00000016
CCPR1L                            00000015
CCPR2                             0000001B
CCPR2H                            0000001C
CCPR2L                            0000001B
MPASM 5.68                          MAIN.ASM   10-17-2016  23:19:22         PAGE  5


SYMBOL TABLE
  LABEL                             VALUE 

CHS0                              00000003
CHS1                              00000004
CHS2                              00000005
CIS                               00000003
CKE                               00000006
CKP                               00000004
CM0                               00000000
CM1                               00000001
CM2                               00000002
CMCON                             0000009C
CMIE                              00000006
CMIF                              00000006
COUNT                             00000075
CREN                              00000004
CSRC                              00000007
CVR0                              00000000
CVR1                              00000001
CVR2                              00000002
CVR3                              00000003
CVRCON                            0000009D
CVREN                             00000007
CVROE                             00000006
CVRR                              00000005
D                                 00000005
DATA_ADDRESS                      00000005
DC                                00000001
D_A                               00000005
D_NOT_A                           00000005
Div_16                            
EEADR                             0000010D
EEADRH                            0000010F
EECON1                            0000018C
EECON2                            0000018D
EEDATA                            0000010C
EEDATH                            0000010E
EEIE                              00000004
EEIF                              00000004
EEPGD                             00000007
F                                 00000001
FERR                              00000002
FLAG                              00000076
FSR                               00000004
GCEN                              00000007
GIE                               00000007
GO                                00000002
GO_DONE                           00000002
GO_NOT_DONE                       00000002
I2C_DATA                          00000005
I2C_READ                          00000002
I2C_START                         00000003
I2C_STOP                          00000004
IBF                               00000007
IBOV                              00000005
MPASM 5.68                          MAIN.ASM   10-17-2016  23:19:22         PAGE  6


SYMBOL TABLE
  LABEL                             VALUE 

INDF                              00000000
INTCON                            0000000B
INTE                              00000004
INTEDG                            00000006
INTF                              00000001
IRP                               00000007
NOT_A                             00000005
NOT_ADDRESS                       00000005
NOT_BO                            00000000
NOT_BOR                           00000000
NOT_DONE                          00000002
NOT_PD                            00000003
NOT_POR                           00000001
NOT_RBPU                          00000007
NOT_RC8                           00000006
NOT_T1SYNC                        00000002
NOT_TO                            00000004
NOT_TX8                           00000006
NOT_W                             00000002
NOT_WRITE                         00000002
OBF                               00000006
OERR                              00000001
OPTION_REG                        00000081
P                                 00000004
PCFG0                             00000000
PCFG1                             00000001
PCFG2                             00000002
PCFG3                             00000003
PCL                               00000002
PCLATH                            0000000A
PCON                              0000008E
PEIE                              00000006
PEN                               00000002
PIE1                              0000008C
PIE2                              0000008D
PIR1                              0000000C
PIR2                              0000000D
PORTA                             00000005
PORTB                             00000006
PORTC                             00000007
PORTD                             00000008
PORTE                             00000009
PR2                               00000092
PS0                               00000000
PS1                               00000001
PS2                               00000002
PSA                               00000003
PSPIE                             00000007
PSPIF                             00000007
PSPMODE                           00000004
R                                 00000002
RA0                               00000000
RA1                               00000001
MPASM 5.68                          MAIN.ASM   10-17-2016  23:19:22         PAGE  7


SYMBOL TABLE
  LABEL                             VALUE 

RA2                               00000002
RA3                               00000003
RA4                               00000004
RA5                               00000005
RB0                               00000000
RB1                               00000001
RB2                               00000002
RB3                               00000003
RB4                               00000004
RB5                               00000005
RB6                               00000006
RB7                               00000007
RBIE                              00000003
RBIF                              00000000
RC0                               00000000
RC1                               00000001
RC2                               00000002
RC3                               00000003
RC4                               00000004
RC5                               00000005
RC6                               00000006
RC7                               00000007
RC8_9                             00000006
RC9                               00000006
RCD8                              00000000
RCEN                              00000003
RCIE                              00000005
RCIF                              00000005
RCREG                             0000001A
RCSTA                             00000018
RD                                00000000
RD0                               00000000
RD1                               00000001
RD2                               00000002
RD3                               00000003
RD4                               00000004
RD5                               00000005
RD6                               00000006
RD7                               00000007
RE0                               00000000
RE1                               00000001
RE2                               00000002
READ_WRITE                        00000002
RP0                               00000005
RP1                               00000006
RSEN                              00000001
RX9                               00000006
RX9D                              00000000
R_NOT_W                           00000002
R_W                               00000002
S                                 00000003
SEN                               00000000
SMP                               00000007
MPASM 5.68                          MAIN.ASM   10-17-2016  23:19:22         PAGE  8


SYMBOL TABLE
  LABEL                             VALUE 

SPBRG                             00000099
SPEN                              00000007
SREN                              00000005
SSPADD                            00000093
SSPBUF                            00000013
SSPCON                            00000014
SSPCON2                           00000091
SSPEN                             00000005
SSPIE                             00000003
SSPIF                             00000003
SSPM0                             00000000
SSPM1                             00000001
SSPM2                             00000002
SSPM3                             00000003
SSPOV                             00000006
SSPSTAT                           00000094
STATUS                            00000003
SYNC                              00000004
T0CS                              00000005
T0IE                              00000005
T0IF                              00000002
T0SE                              00000004
T1CKPS0                           00000004
T1CKPS1                           00000005
T1CON                             00000010
T1INSYNC                          00000002
T1OSCEN                           00000003
T1SYNC                            00000002
T2CKPS0                           00000000
T2CKPS1                           00000001
T2CON                             00000012
TMR0                              00000001
TMR0IE                            00000005
TMR0IF                            00000002
TMR1                              0000000E
TMR1CS                            00000001
TMR1H                             0000000F
TMR1IE                            00000000
TMR1IF                            00000000
TMR1L                             0000000E
TMR1ON                            00000000
TMR2                              00000011
TMR2IE                            00000001
TMR2IF                            00000001
TMR2ON                            00000002
TOUTPS0                           00000003
TOUTPS1                           00000004
TOUTPS2                           00000005
TOUTPS3                           00000006
TRISA                             00000085
TRISA0                            00000000
TRISA1                            00000001
TRISA2                            00000002
MPASM 5.68                          MAIN.ASM   10-17-2016  23:19:22         PAGE  9


SYMBOL TABLE
  LABEL                             VALUE 

TRISA3                            00000003
TRISA4                            00000004
TRISA5                            00000005
TRISB                             00000086
TRISB0                            00000000
TRISB1                            00000001
TRISB2                            00000002
TRISB3                            00000003
TRISB4                            00000004
TRISB5                            00000005
TRISB6                            00000006
TRISB7                            00000007
TRISC                             00000087
TRISC0                            00000000
TRISC1                            00000001
TRISC2                            00000002
TRISC3                            00000003
TRISC4                            00000004
TRISC5                            00000005
TRISC6                            00000006
TRISC7                            00000007
TRISD                             00000088
TRISD0                            00000000
TRISD1                            00000001
TRISD2                            00000002
TRISD3                            00000003
TRISD4                            00000004
TRISD5                            00000005
TRISD6                            00000006
TRISD7                            00000007
TRISE                             00000089
TRISE0                            00000000
TRISE1                            00000001
TRISE2                            00000002
TRMT                              00000001
TX8_9                             00000006
TX9                               00000006
TX9D                              00000000
TXD8                              00000000
TXEN                              00000005
TXIE                              00000004
TXIF                              00000004
TXREG                             00000019
TXSTA                             00000098
UA                                00000001
W                                 00000000
WCOL                              00000007
WR                                00000001
WREN                              00000002
WRERR                             00000003
Z                                 00000002
_.org_0_0010                      00000010
_.org_0_0017                      00000017
MPASM 5.68                          MAIN.ASM   10-17-2016  23:19:22         PAGE 10


SYMBOL TABLE
  LABEL                             VALUE 

_.org_0_001E                      0000001E
_.org_0_0020                      00000020
_.org_0_0026                      00000026
_.org_0_0028                      00000028
_BODEN_OFF                        00003FBF
_BODEN_ON                         00003FFF
_BOREN_OFF                        00003FBF
_BOREN_ON                         00003FFF
_CONFIG                           00002007
_CPD_OFF                          00003FFF
_CPD_ON                           00003EFF
_CP_ALL                           00001FFF
_CP_OFF                           00003FFF
_CP_ON                            00001FFF
_DEBUG_OFF                        00003FFF
_DEBUG_ON                         000037FF
_DEVID1                           00002006
_FOSC_EXTRC                       00003FFF
_FOSC_HS                          00003FFE
_FOSC_LP                          00003FFC
_FOSC_XT                          00003FFD
_HS_OSC                           00003FFE
_IDLOC0                           00002000
_IDLOC1                           00002001
_IDLOC2                           00002002
_IDLOC3                           00002003
_LP_OSC                           00003FFC
_LVP_OFF                          00003F7F
_LVP_ON                           00003FFF
_PWRTE_OFF                        00003FFF
_PWRTE_ON                         00003FF7
_RC_OSC                           00003FFF
_WDTE_OFF                         00003FFB
_WDTE_ON                          00003FFF
_WDT_OFF                          00003FFB
_WDT_ON                           00003FFF
_WRT_1FOURTH                      00003BFF
_WRT_256                          00003DFF
_WRT_HALF                         000039FF
_WRT_OFF                          00003FFF
_XT_OSC                           00003FFD
__16F877A                         00000001
div16                             00000011
div16loop                         0000001B
main                              00000002

Errors   :     0
Warnings :    50 reported,     0 suppressed
Messages :     1 reported,     0 suppressed

