Warning[205] F:\ELECTRICITY\MCU\PIC\PIC_LAB\NO5\SUN.X\MAIN.ASM 15 : Found directive in column 1. (list)
Warning[205] F:\ELECTRICITY\MCU\PIC\PIC_LAB\NO5\SUN.X\MAIN.ASM 36 : Found directive in column 1. (endm)
Warning[205] F:\ELECTRICITY\MCU\PIC\PIC_LAB\NO5\SUN.X\MAIN.ASM 38 : Found directive in column 1. (org)
Warning[203] F:\ELECTRICITY\MCU\PIC\PIC_LAB\NO5\SUN.X\MAIN.ASM 39 : Found opcode in column 1. (nop)
Warning[203] F:\ELECTRICITY\MCU\PIC\PIC_LAB\NO5\SUN.X\MAIN.ASM 40 : Found opcode in column 1. (goto)
Warning[206] F:\ELECTRICITY\MCU\PIC\PIC_LAB\NO5\SUN.X\MAIN.ASM 43 : Found call to macro in column 1. (Div_16)
Warning[203] F:\ELECTRICITY\MCU\PIC\PIC_LAB\NO5\SUN.X\MAIN.ASM 29 : Found opcode in column 1. (movlw)
Warning[203] F:\ELECTRICITY\MCU\PIC\PIC_LAB\NO5\SUN.X\MAIN.ASM 30 : Found opcode in column 1. (movwf)
Warning[203] F:\ELECTRICITY\MCU\PIC\PIC_LAB\NO5\SUN.X\MAIN.ASM 31 : Found opcode in column 1. (movlw)
Warning[203] F:\ELECTRICITY\MCU\PIC\PIC_LAB\NO5\SUN.X\MAIN.ASM 32 : Found opcode in column 1. (movwf)
Warning[203] F:\ELECTRICITY\MCU\PIC\PIC_LAB\NO5\SUN.X\MAIN.ASM 33 : Found opcode in column 1. (movlw)
Warning[203] F:\ELECTRICITY\MCU\PIC\PIC_LAB\NO5\SUN.X\MAIN.ASM 34 : Found opcode in column 1. (movwf)
Warning[203] F:\ELECTRICITY\MCU\PIC\PIC_LAB\NO5\SUN.X\MAIN.ASM 35 : Found opcode in column 1. (call)
Warning[206] F:\ELECTRICITY\MCU\PIC\PIC_LAB\NO5\SUN.X\MAIN.ASM 44 : Found call to macro in column 1. (Div_16)
Warning[203] F:\ELECTRICITY\MCU\PIC\PIC_LAB\NO5\SUN.X\MAIN.ASM 29 : Found opcode in column 1. (movlw)
Warning[203] F:\ELECTRICITY\MCU\PIC\PIC_LAB\NO5\SUN.X\MAIN.ASM 30 : Found opcode in column 1. (movwf)
Warning[203] F:\ELECTRICITY\MCU\PIC\PIC_LAB\NO5\SUN.X\MAIN.ASM 31 : Found opcode in column 1. (movlw)
Warning[203] F:\ELECTRICITY\MCU\PIC\PIC_LAB\NO5\SUN.X\MAIN.ASM 32 : Found opcode in column 1. (movwf)
Warning[203] F:\ELECTRICITY\MCU\PIC\PIC_LAB\NO5\SUN.X\MAIN.ASM 33 : Found opcode in column 1. (movlw)
Warning[203] F:\ELECTRICITY\MCU\PIC\PIC_LAB\NO5\SUN.X\MAIN.ASM 34 : Found opcode in column 1. (movwf)
Warning[203] F:\ELECTRICITY\MCU\PIC\PIC_LAB\NO5\SUN.X\MAIN.ASM 35 : Found opcode in column 1. (call)
Warning[203] F:\ELECTRICITY\MCU\PIC\PIC_LAB\NO5\SUN.X\MAIN.ASM 45 : Found opcode in column 1. (goto)
Warning[203] F:\ELECTRICITY\MCU\PIC\PIC_LAB\NO5\SUN.X\MAIN.ASM 49 : Found opcode in column 1. (clrf)
Warning[203] F:\ELECTRICITY\MCU\PIC\PIC_LAB\NO5\SUN.X\MAIN.ASM 50 : Found opcode in column 1. (movlw)
Warning[203] F:\ELECTRICITY\MCU\PIC\PIC_LAB\NO5\SUN.X\MAIN.ASM 51 : Found opcode in column 1. (movwf)
Warning[203] F:\ELECTRICITY\MCU\PIC\PIC_LAB\NO5\SUN.X\MAIN.ASM 52 : Found opcode in column 1. (movf)
Warning[203] F:\ELECTRICITY\MCU\PIC\PIC_LAB\NO5\SUN.X\MAIN.ASM 53 : Found opcode in column 1. (subwf)
Warning[203] F:\ELECTRICITY\MCU\PIC\PIC_LAB\NO5\SUN.X\MAIN.ASM 54 : Found opcode in column 1. (btfss)
Warning[203] F:\ELECTRICITY\MCU\PIC\PIC_LAB\NO5\SUN.X\MAIN.ASM 55 : Found opcode in column 1. (goto)
Warning[203] F:\ELECTRICITY\MCU\PIC\PIC_LAB\NO5\SUN.X\MAIN.ASM 56 : Found opcode in column 1. (comf)
Warning[203] F:\ELECTRICITY\MCU\PIC\PIC_LAB\NO5\SUN.X\MAIN.ASM 57 : Found opcode in column 1. (return)
Warning[203] F:\ELECTRICITY\MCU\PIC\PIC_LAB\NO5\SUN.X\MAIN.ASM 59 : Found opcode in column 1. (rlf)
Warning[203] F:\ELECTRICITY\MCU\PIC\PIC_LAB\NO5\SUN.X\MAIN.ASM 61 : Found opcode in column 1. (rlf)
Warning[203] F:\ELECTRICITY\MCU\PIC\PIC_LAB\NO5\SUN.X\MAIN.ASM 62 : Found opcode in column 1. (rlf)
Warning[203] F:\ELECTRICITY\MCU\PIC\PIC_LAB\NO5\SUN.X\MAIN.ASM 63 : Found opcode in column 1. (btfsc)
Warning[203] F:\ELECTRICITY\MCU\PIC\PIC_LAB\NO5\SUN.X\MAIN.ASM 64 : Found opcode in column 1. (goto)
Warning[203] F:\ELECTRICITY\MCU\PIC\PIC_LAB\NO5\SUN.X\MAIN.ASM 65 : Found opcode in column 1. (addwf)
Warning[203] F:\ELECTRICITY\MCU\PIC\PIC_LAB\NO5\SUN.X\MAIN.ASM 66 : Found opcode in column 1. (goto)
Warning[203] F:\ELECTRICITY\MCU\PIC\PIC_LAB\NO5\SUN.X\MAIN.ASM 67 : Found opcode in column 1. (subwf)
Warning[203] F:\ELECTRICITY\MCU\PIC\PIC_LAB\NO5\SUN.X\MAIN.ASM 68 : Found opcode in column 1. (rlf)
Warning[203] F:\ELECTRICITY\MCU\PIC\PIC_LAB\NO5\SUN.X\MAIN.ASM 69 : Found opcode in column 1. (decfsz)
Message[305] F:\ELECTRICITY\MCU\PIC\PIC_LAB\NO5\SUN.X\MAIN.ASM 69 : Using default destination of 1 (file).
Warning[203] F:\ELECTRICITY\MCU\PIC\PIC_LAB\NO5\SUN.X\MAIN.ASM 70 : Found opcode in column 1. (goto)
Warning[203] F:\ELECTRICITY\MCU\PIC\PIC_LAB\NO5\SUN.X\MAIN.ASM 71 : Found opcode in column 1. (btfsc)
Warning[203] F:\ELECTRICITY\MCU\PIC\PIC_LAB\NO5\SUN.X\MAIN.ASM 72 : Found opcode in column 1. (goto)
Warning[203] F:\ELECTRICITY\MCU\PIC\PIC_LAB\NO5\SUN.X\MAIN.ASM 73 : Found opcode in column 1. (addwf)
Warning[203] F:\ELECTRICITY\MCU\PIC\PIC_LAB\NO5\SUN.X\MAIN.ASM 74 : Found opcode in column 1. (goto)
Warning[203] F:\ELECTRICITY\MCU\PIC\PIC_LAB\NO5\SUN.X\MAIN.ASM 75 : Found opcode in column 1. (subwf)
Warning[203] F:\ELECTRICITY\MCU\PIC\PIC_LAB\NO5\SUN.X\MAIN.ASM 76 : Found opcode in column 1. (movwf)
Warning[203] F:\ELECTRICITY\MCU\PIC\PIC_LAB\NO5\SUN.X\MAIN.ASM 77 : Found opcode in column 1. (return)
Warning[205] F:\ELECTRICITY\MCU\PIC\PIC_LAB\NO5\SUN.X\MAIN.ASM 79 : Found directive in column 1. (END)
